TN:
SF:src/App.tsx
FN:41,(anonymous_1)
FNF:1
FNH:0
FNDA:0,(anonymous_1)
DA:1,0
DA:2,0
DA:3,0
DA:4,0
DA:5,0
DA:6,0
DA:7,0
DA:8,0
DA:9,0
DA:10,0
DA:11,0
DA:12,0
DA:13,0
DA:14,0
DA:15,0
DA:16,0
DA:17,0
DA:18,0
DA:19,0
DA:20,0
DA:21,0
DA:22,0
DA:23,0
DA:24,0
DA:25,0
DA:26,0
DA:27,0
DA:28,0
DA:29,0
DA:30,0
DA:31,0
DA:32,0
DA:33,0
DA:34,0
DA:35,0
DA:36,0
DA:37,0
DA:39,0
DA:41,0
DA:42,0
DA:87,0
LF:41
LH:0
BRF:0
BRH:0
end_of_record
TN:
SF:src/components/layout/DashboardLayout.tsx
FN:9,(anonymous_1)
FNF:1
FNH:0
FNDA:0,(anonymous_1)
DA:2,0
DA:3,0
DA:9,0
DA:10,0
DA:31,0
LF:5
LH:0
BRF:0
BRH:0
end_of_record
TN:
SF:src/components/layout/NotificationDropdown.tsx
FN:25,(anonymous_0)
FN:40,(anonymous_1)
FN:47,(anonymous_2)
FN:64,(anonymous_3)
FN:104,(anonymous_4)
FN:117,(anonymous_5)
FN:136,(anonymous_6)
FN:142,(anonymous_7)
FN:161,(anonymous_8)
FN:204,(anonymous_9)
FNF:10
FNH:0
FNDA:0,(anonymous_0)
FNDA:0,(anonymous_1)
FNDA:0,(anonymous_2)
FNDA:0,(anonymous_3)
FNDA:0,(anonymous_4)
FNDA:0,(anonymous_5)
FNDA:0,(anonymous_6)
FNDA:0,(anonymous_7)
FNDA:0,(anonymous_8)
FNDA:0,(anonymous_9)
DA:1,0
DA:2,0
DA:13,0
DA:14,0
DA:15,0
DA:16,0
DA:23,0
DA:25,0
DA:26,0
DA:38,0
DA:40,0
DA:41,0
DA:42,0
DA:43,0
DA:47,0
DA:48,0
DA:49,0
DA:50,0
DA:52,0
DA:54,0
DA:56,0
DA:58,0
DA:60,0
DA:64,0
DA:65,0
DA:66,0
DA:67,0
DA:68,0
DA:69,0
DA:70,0
DA:72,0
DA:73,0
DA:74,0
DA:75,0
DA:78,0
DA:104,0
DA:117,0
DA:137,0
DA:142,0
DA:162,0
DA:163,0
DA:204,0
DA:215,0
LF:43
LH:0
BRDA:42,0,0,0
BRDA:42,0,1,0
BRDA:48,1,0,0
BRDA:48,1,1,0
BRDA:49,2,0,0
BRDA:49,2,1,0
BRDA:50,3,0,0
BRDA:50,3,1,0
BRDA:52,4,0,0
BRDA:52,4,1,0
BRDA:52,4,2,0
BRDA:52,4,3,0
BRDA:72,5,0,0
BRDA:72,5,1,0
BRDA:73,6,0,0
BRDA:73,6,1,0
BRDA:74,7,0,0
BRDA:74,7,1,0
BRDA:83,8,0,0
BRDA:83,8,1,0
BRDA:88,9,0,0
BRDA:88,9,1,0
BRDA:97,10,0,0
BRDA:97,10,1,0
BRDA:100,11,0,0
BRDA:100,11,1,0
BRDA:108,12,0,0
BRDA:108,12,1,0
BRDA:121,13,0,0
BRDA:121,13,1,0
BRDA:129,14,0,0
BRDA:129,14,1,0
BRDA:140,15,0,0
BRDA:140,15,1,0
BRDA:154,16,0,0
BRDA:154,16,1,0
BRDA:167,17,0,0
BRDA:167,17,1,0
BRDA:182,18,0,0
BRDA:182,18,1,0
BRDA:187,19,0,0
BRDA:187,19,1,0
BRDA:199,20,0,0
BRDA:199,20,1,0
BRF:44
BRH:0
end_of_record
TN:
SF:src/components/ui/accordion.tsx
FN:12,(anonymous_10)
FN:24,(anonymous_11)
FN:44,(anonymous_12)
FNF:3
FNH:0
FNDA:0,(anonymous_10)
FNDA:0,(anonymous_11)
FNDA:0,(anonymous_12)
DA:1,0
DA:2,0
DA:3,0
DA:5,0
DA:7,0
DA:9,0
DA:12,0
DA:19,0
DA:21,0
DA:24,0
DA:39,0
DA:41,0
DA:44,0
DA:54,0
DA:56,0
LF:15
LH:0
BRF:0
BRH:0
end_of_record
TN:
SF:src/components/ui/alert-dialog.tsx
FN:16,(anonymous_10)
FN:31,(anonymous_11)
FN:46,(anonymous_12)
FN:60,(anonymous_13)
FN:77,(anonymous_14)
FN:89,(anonymous_15)
FN:102,(anonymous_16)
FN:114,(anonymous_17)
FNF:8
FNH:0
FNDA:0,(anonymous_10)
FNDA:0,(anonymous_11)
FNDA:0,(anonymous_12)
FNDA:0,(anonymous_13)
FNDA:0,(anonymous_14)
FNDA:0,(anonymous_15)
FNDA:0,(anonymous_16)
FNDA:0,(anonymous_17)
DA:1,0
DA:2,0
DA:4,0
DA:5,0
DA:7,0
DA:9,0
DA:11,0
DA:13,0
DA:16,0
DA:26,0
DA:28,0
DA:31,0
DA:44,0
DA:46,0
DA:47,0
DA:48,0
DA:49,0
DA:58,0
DA:60,0
DA:61,0
DA:62,0
DA:63,0
DA:72,0
DA:74,0
DA:77,0
DA:84,0
DA:86,0
DA:89,0
DA:96,0
DA:99,0
DA:102,0
DA:109,0
DA:111,0
DA:114,0
DA:125,0
DA:128,0
DA:129,0
DA:130,0
DA:131,0
DA:132,0
DA:133,0
DA:134,0
DA:135,0
DA:136,0
DA:137,0
DA:138,0
LF:46
LH:0
BRF:0
BRH:0
end_of_record
TN:
SF:src/components/ui/alert.tsx
FN:25,(anonymous_10)
FN:38,(anonymous_11)
FN:50,(anonymous_12)
FNF:3
FNH:0
FNDA:0,(anonymous_10)
FNDA:0,(anonymous_11)
FNDA:0,(anonymous_12)
DA:1,0
DA:2,0
DA:4,0
DA:6,0
DA:22,0
DA:25,0
DA:33,0
DA:35,0
DA:38,0
DA:45,0
DA:47,0
DA:50,0
DA:57,0
DA:59,0
LF:14
LH:0
BRF:0
BRH:0
end_of_record
TN:
SF:src/components/ui/aspect-ratio.tsx
FNF:0
FNH:0
DA:1,0
DA:3,0
DA:5,0
LF:3
LH:0
BRF:0
BRH:0
end_of_record
TN:
SF:src/components/ui/avatar.tsx
FN:9,(anonymous_10)
FN:24,(anonymous_11)
FN:36,(anonymous_12)
FNF:3
FNH:0
FNDA:0,(anonymous_10)
FNDA:0,(anonymous_11)
FNDA:0,(anonymous_12)
DA:1,0
DA:2,0
DA:4,0
DA:6,0
DA:9,0
DA:19,0
DA:21,0
DA:24,0
DA:31,0
DA:33,0
DA:36,0
DA:46,0
DA:48,0
LF:13
LH:0
BRF:0
BRH:0
end_of_record
TN:
SF:src/components/ui/badge.tsx
FN:30,Badge
FNF:1
FNH:0
FNDA:0,Badge
DA:2,0
DA:4,0
DA:6,0
DA:30,0
DA:31,0
DA:36,0
LF:6
LH:0
BRF:0
BRH:0
end_of_record
TN:
SF:src/components/ui/breadcrumb.tsx
FN:12,(anonymous_10)
FN:18,(anonymous_11)
FN:33,(anonymous_12)
FN:47,(anonymous_13)
FN:63,(anonymous_14)
FN:75,(anonymous_15)
FN:91,(anonymous_16)
FNF:7
FNH:0
FNDA:0,(anonymous_10)
FNDA:0,(anonymous_11)
FNDA:0,(anonymous_12)
FNDA:0,(anonymous_13)
FNDA:0,(anonymous_14)
FNDA:0,(anonymous_15)
FNDA:0,(anonymous_16)
DA:1,0
DA:2,0
DA:3,0
DA:5,0
DA:7,0
DA:12,0
DA:13,0
DA:15,0
DA:18,0
DA:28,0
DA:30,0
DA:33,0
DA:40,0
DA:42,0
DA:47,0
DA:48,0
DA:50,0
DA:58,0
DA:60,0
DA:63,0
DA:73,0
DA:75,0
DA:77,0
DA:78,0
DA:79,0
DA:89,0
DA:91,0
DA:92,0
DA:93,0
DA:94,0
DA:105,0
DA:108,0
DA:109,0
DA:110,0
DA:111,0
DA:112,0
DA:113,0
DA:114,0
LF:38
LH:0
BRDA:48,0,0,0
BRDA:48,0,1,0
BRDA:86,1,0,0
BRDA:86,1,1,0
BRDA:86,2,0,0
BRDA:86,2,1,0
BRF:6
BRH:0
end_of_record
TN:
SF:src/components/ui/button.tsx
FN:43,(anonymous_10)
FNF:1
FNH:1
FNDA:17,(anonymous_10)
DA:1,1
DA:2,1
DA:3,1
DA:5,1
DA:7,1
DA:42,1
DA:43,17
DA:44,17
DA:45,17
DA:54,1
DA:56,1
LF:11
LH:11
BRDA:43,0,0,16
BRDA:44,1,0,1
BRDA:44,1,1,16
BRF:3
BRH:3
end_of_record
TN:
SF:src/components/ui/calendar.tsx
FN:10,Calendar
FN:55,(anonymous_2)
FN:56,(anonymous_3)
FNF:3
FNH:0
FNDA:0,Calendar
FNDA:0,(anonymous_2)
FNDA:0,(anonymous_3)
DA:2,0
DA:3,0
DA:5,0
DA:6,0
DA:13,0
DA:14,0
DA:16,0
DA:55,0
DA:56,0
DA:62,0
DA:64,0
LF:11
LH:0
BRDA:13,0,0,0
BRF:1
BRH:0
end_of_record
TN:
SF:src/components/ui/card.tsx
FN:8,(anonymous_10)
FN:23,(anonymous_11)
FN:35,(anonymous_12)
FN:50,(anonymous_13)
FN:62,(anonymous_14)
FN:70,(anonymous_15)
FNF:6
FNH:6
FNDA:5,(anonymous_10)
FNDA:4,(anonymous_11)
FNDA:4,(anonymous_12)
FNDA:4,(anonymous_13)
FNDA:4,(anonymous_14)
FNDA:3,(anonymous_15)
DA:1,1
DA:3,1
DA:5,1
DA:8,5
DA:18,1
DA:20,1
DA:23,4
DA:30,1
DA:32,1
DA:35,4
DA:45,1
DA:47,1
DA:50,4
DA:57,1
DA:59,1
DA:62,4
DA:65,1
DA:67,1
DA:70,3
DA:77,1
DA:79,1
LF:21
LH:21
BRF:0
BRH:0
end_of_record
TN:
SF:src/components/ui/carousel.tsx
FN:33,useCarousel
FN:47,(anonymous_12)
FN:69,(anonymous_13)
FN:78,(anonymous_14)
FN:82,(anonymous_15)
FN:87,(anonymous_16)
FN:99,(anonymous_17)
FN:107,(anonymous_18)
FN:116,(anonymous_19)
FN:154,(anonymous_20)
FN:176,(anonymous_21)
FN:198,(anonymous_22)
FN:227,(anonymous_23)
FNF:13
FNH:0
FNDA:0,useCarousel
FNDA:0,(anonymous_12)
FNDA:0,(anonymous_13)
FNDA:0,(anonymous_14)
FNDA:0,(anonymous_15)
FNDA:0,(anonymous_16)
FNDA:0,(anonymous_17)
FNDA:0,(anonymous_18)
FNDA:0,(anonymous_19)
FNDA:0,(anonymous_20)
FNDA:0,(anonymous_21)
FNDA:0,(anonymous_22)
FNDA:0,(anonymous_23)
DA:1,0
DA:2,0
DA:5,0
DA:7,0
DA:8,0
DA:31,0
DA:34,0
DA:36,0
DA:37,0
DA:40,0
DA:43,0
DA:54,0
DA:55,0
DA:59,0
DA:66,0
DA:67,0
DA:69,0
DA:70,0
DA:71,0
DA:74,0
DA:75,0
DA:78,0
DA:79,0
DA:82,0
DA:83,0
DA:86,0
DA:88,0
DA:89,0
DA:90,0
DA:91,0
DA:92,0
DA:93,0
DA:99,0
DA:100,0
DA:101,0
DA:104,0
DA:107,0
DA:108,0
DA:109,0
DA:112,0
DA:113,0
DA:114,0
DA:116,0
DA:117,0
DA:121,0
DA:149,0
DA:151,0
DA:154,0
DA:155,0
DA:157,0
DA:171,0
DA:173,0
DA:176,0
DA:177,0
DA:179,0
DA:193,0
DA:195,0
DA:198,0
DA:199,0
DA:201,0
DA:222,0
DA:224,0
DA:227,0
DA:228,0
DA:230,0
DA:251,0
DA:255,0
DA:256,0
DA:257,0
DA:258,0
DA:259,0
LF:71
LH:0
BRDA:36,0,0,0
BRDA:36,0,1,0
BRDA:49,1,0,0
BRDA:62,2,0,0
BRDA:62,2,1,0
BRDA:70,3,0,0
BRDA:70,3,1,0
BRDA:79,4,0,0
BRDA:79,4,1,0
BRDA:79,5,0,0
BRDA:79,5,1,0
BRDA:83,6,0,0
BRDA:83,6,1,0
BRDA:83,7,0,0
BRDA:83,7,1,0
BRDA:88,8,0,0
BRDA:88,8,1,0
BRDA:91,9,0,0
BRDA:91,9,1,0
BRDA:100,10,0,0
BRDA:100,10,1,0
BRDA:100,11,0,0
BRDA:100,11,1,0
BRDA:108,12,0,0
BRDA:108,12,1,0
BRDA:117,13,0,0
BRDA:117,13,1,0
BRDA:117,14,0,0
BRDA:117,14,1,0
BRDA:128,15,0,0
BRDA:128,15,1,0
BRDA:128,16,0,0
BRDA:128,16,1,0
BRDA:128,17,0,0
BRDA:128,17,1,0
BRDA:128,18,0,0
BRDA:128,18,1,0
BRDA:163,19,0,0
BRDA:163,19,1,0
BRDA:186,20,0,0
BRDA:186,20,1,0
BRDA:198,21,0,0
BRDA:198,22,0,0
BRDA:208,23,0,0
BRDA:208,23,1,0
BRDA:227,24,0,0
BRDA:227,25,0,0
BRDA:237,26,0,0
BRDA:237,26,1,0
BRF:49
BRH:0
end_of_record
TN:
SF:src/components/ui/chart.tsx
FN:25,useChart
FN:43,(anonymous_11)
FN:68,(anonymous_12)
FN:70,(anonymous_13)
FN:82,(anonymous_14)
FN:85,(anonymous_15)
FN:114,(anonymous_16)
FN:134,(anonymous_17)
FN:186,(anonymous_18)
FN:267,(anonymous_19)
FN:286,(anonymous_20)
FN:318,getPayloadConfigFromPayload
FNF:12
FNH:0
FNDA:0,useChart
FNDA:0,(anonymous_11)
FNDA:0,(anonymous_12)
FNDA:0,(anonymous_13)
FNDA:0,(anonymous_14)
FNDA:0,(anonymous_15)
FNDA:0,(anonymous_16)
FNDA:0,(anonymous_17)
FNDA:0,(anonymous_18)
FNDA:0,(anonymous_19)
FNDA:0,(anonymous_20)
FNDA:0,getPayloadConfigFromPayload
DA:1,0
DA:2,0
DA:4,0
DA:7,0
DA:23,0
DA:26,0
DA:28,0
DA:29,0
DA:32,0
DA:35,0
DA:43,0
DA:44,0
DA:45,0
DA:47,0
DA:66,0
DA:68,0
DA:69,0
DA:70,0
DA:73,0
DA:74,0
DA:77,0
DA:82,0
DA:87,0
DA:89,0
DA:101,0
DA:103,0
DA:132,0
DA:134,0
DA:135,0
DA:136,0
DA:139,0
DA:140,0
DA:141,0
DA:143,0
DA:147,0
DA:148,0
DA:155,0
DA:156,0
DA:159,0
DA:170,0
DA:171,0
DA:174,0
DA:176,0
DA:187,0
DA:188,0
DA:189,0
DA:191,0
DA:255,0
DA:257,0
DA:259,0
DA:271,0
DA:273,0
DA:274,0
DA:277,0
DA:287,0
DA:288,0
DA:290,0
DA:315,0
DA:323,0
DA:324,0
DA:328,0
DA:334,0
DA:336,0
DA:340,0
DA:341,0
DA:346,0
DA:351,0
DA:357,0
DA:358,0
DA:359,0
DA:360,0
DA:361,0
DA:362,0
LF:73
LH:0
BRDA:28,0,0,0
BRDA:28,0,1,0
BRDA:45,1,0,0
BRDA:45,1,1,0
BRDA:70,2,0,0
BRDA:70,2,1,0
BRDA:73,3,0,0
BRDA:73,3,1,0
BRDA:87,4,0,0
BRDA:87,4,1,0
BRDA:87,5,0,0
BRDA:87,5,1,0
BRDA:87,6,0,0
BRDA:87,6,1,0
BRDA:89,7,0,0
BRDA:89,7,1,0
BRDA:119,8,0,0
BRDA:120,9,0,0
BRDA:121,10,0,0
BRDA:135,11,0,0
BRDA:135,11,1,0
BRDA:135,12,0,0
BRDA:135,12,1,0
BRDA:135,13,0,0
BRDA:135,13,1,0
BRDA:135,14,0,0
BRDA:135,14,1,0
BRDA:140,15,0,0
BRDA:140,15,1,0
BRDA:140,15,2,0
BRDA:140,15,3,0
BRDA:143,16,0,0
BRDA:143,16,1,0
BRDA:143,17,0,0
BRDA:143,17,1,0
BRDA:144,18,0,0
BRDA:144,18,1,0
BRDA:144,19,0,0
BRDA:144,19,1,0
BRDA:144,20,0,0
BRDA:144,20,1,0
BRDA:145,21,0,0
BRDA:145,21,1,0
BRDA:145,22,0,0
BRDA:145,22,1,0
BRDA:147,23,0,0
BRDA:147,23,1,0
BRDA:155,24,0,0
BRDA:155,24,1,0
BRDA:170,25,0,0
BRDA:170,25,1,0
BRDA:170,26,0,0
BRDA:170,26,1,0
BRDA:170,27,0,0
BRDA:170,27,1,0
BRDA:170,28,0,0
BRDA:170,28,1,0
BRDA:174,29,0,0
BRDA:174,29,1,0
BRDA:184,30,0,0
BRDA:184,30,1,0
BRDA:187,31,0,0
BRDA:187,31,1,0
BRDA:187,31,2,0
BRDA:187,31,3,0
BRDA:189,32,0,0
BRDA:189,32,1,0
BRDA:189,32,2,0
BRDA:196,33,0,0
BRDA:196,33,1,0
BRDA:199,34,0,0
BRDA:199,34,1,0
BRDA:199,35,0,0
BRDA:199,35,1,0
BRDA:199,35,2,0
BRDA:199,36,0,0
BRDA:199,36,1,0
BRDA:199,37,0,0
BRDA:199,37,1,0
BRDA:203,38,0,0
BRDA:203,38,1,0
BRDA:203,39,0,0
BRDA:203,39,1,0
BRDA:203,40,0,0
BRDA:203,40,1,0
BRDA:206,41,0,0
BRDA:206,41,1,0
BRDA:215,42,0,0
BRDA:215,42,1,0
BRDA:230,43,0,0
BRDA:230,43,1,0
BRDA:234,44,0,0
BRDA:234,44,1,0
BRDA:236,45,0,0
BRDA:236,45,1,0
BRDA:236,46,0,0
BRDA:236,46,1,0
BRDA:236,47,0,0
BRDA:236,47,1,0
BRDA:239,48,0,0
BRDA:239,48,1,0
BRDA:268,49,0,0
BRDA:268,50,0,0
BRDA:273,51,0,0
BRDA:273,51,1,0
BRDA:273,52,0,0
BRDA:273,52,1,0
BRDA:273,53,0,0
BRDA:273,53,1,0
BRDA:282,54,0,0
BRDA:282,54,1,0
BRDA:287,55,0,0
BRDA:287,55,1,0
BRDA:287,55,2,0
BRDA:297,56,0,0
BRDA:297,56,1,0
BRDA:297,57,0,0
BRDA:297,57,1,0
BRDA:297,58,0,0
BRDA:297,58,1,0
BRDA:297,59,0,0
BRDA:297,59,1,0
BRDA:307,60,0,0
BRDA:307,60,1,0
BRDA:307,61,0,0
BRDA:307,61,1,0
BRDA:323,62,0,0
BRDA:323,62,1,0
BRDA:323,63,0,0
BRDA:323,63,1,0
BRDA:328,64,0,0
BRDA:328,64,1,0
BRDA:328,65,0,0
BRDA:328,65,1,0
BRDA:328,65,2,0
BRDA:336,66,0,0
BRDA:336,66,1,0
BRDA:337,67,0,0
BRDA:337,67,1,0
BRDA:341,68,0,0
BRDA:341,68,1,0
BRDA:342,69,0,0
BRDA:342,69,1,0
BRDA:342,69,2,0
BRDA:351,70,0,0
BRDA:351,70,1,0
BRF:146
BRH:0
end_of_record
TN:
SF:src/components/ui/checkbox.tsx
FN:10,(anonymous_10)
FNF:1
FNH:0
FNDA:0,(anonymous_10)
DA:1,0
DA:2,0
DA:3,0
DA:5,0
DA:7,0
DA:10,0
DA:26,0
DA:28,0
LF:8
LH:0
BRF:0
BRH:0
end_of_record
TN:
SF:src/components/ui/collapsible.tsx
FNF:0
FNH:0
DA:1,0
DA:3,0
DA:5,0
DA:7,0
DA:9,0
LF:5
LH:0
BRF:0
BRH:0
end_of_record
TN:
SF:src/components/ui/command.tsx
FN:12,(anonymous_10)
FN:28,(anonymous_11)
FN:43,(anonymous_12)
FN:62,(anonymous_13)
FN:75,(anonymous_14)
FN:88,(anonymous_15)
FN:104,(anonymous_16)
FN:116,(anonymous_17)
FN:129,(anonymous_18)
FNF:9
FNH:0
FNDA:0,(anonymous_10)
FNDA:0,(anonymous_11)
FNDA:0,(anonymous_12)
FNDA:0,(anonymous_13)
FNDA:0,(anonymous_14)
FNDA:0,(anonymous_15)
FNDA:0,(anonymous_16)
FNDA:0,(anonymous_17)
FNDA:0,(anonymous_18)
DA:1,0
DA:3,0
DA:4,0
DA:6,0
DA:7,0
DA:9,0
DA:12,0
DA:22,0
DA:28,0
DA:29,0
DA:40,0
DA:43,0
DA:57,0
DA:59,0
DA:62,0
DA:70,0
DA:72,0
DA:76,0
DA:83,0
DA:85,0
DA:88,0
DA:99,0
DA:101,0
DA:104,0
DA:111,0
DA:113,0
DA:116,0
DA:127,0
DA:129,0
DA:130,0
DA:131,0
DA:133,0
DA:143,0
DA:146,0
DA:147,0
DA:148,0
DA:149,0
DA:150,0
DA:151,0
DA:152,0
DA:153,0
DA:154,0
LF:42
LH:0
BRF:0
BRH:0
end_of_record
TN:
SF:src/components/ui/context-menu.tsx
FN:24,(anonymous_10)
FN:43,(anonymous_11)
FN:58,(anonymous_12)
FN:77,(anonymous_13)
FN:93,(anonymous_14)
FN:117,(anonymous_15)
FN:141,(anonymous_16)
FN:157,(anonymous_17)
FN:166,(anonymous_18)
FNF:9
FNH:0
FNDA:0,(anonymous_10)
FNDA:0,(anonymous_11)
FNDA:0,(anonymous_12)
FNDA:0,(anonymous_13)
FNDA:0,(anonymous_14)
FNDA:0,(anonymous_15)
FNDA:0,(anonymous_16)
FNDA:0,(anonymous_17)
FNDA:0,(anonymous_18)
DA:1,0
DA:2,0
DA:3,0
DA:5,0
DA:7,0
DA:9,0
DA:11,0
DA:13,0
DA:15,0
DA:17,0
DA:19,0
DA:24,0
DA:38,0
DA:40,0
DA:43,0
DA:53,0
DA:55,0
DA:58,0
DA:70,0
DA:72,0
DA:77,0
DA:88,0
DA:90,0
DA:93,0
DA:111,0
DA:114,0
DA:117,0
DA:134,0
DA:136,0
DA:141,0
DA:152,0
DA:154,0
DA:157,0
DA:164,0
DA:166,0
DA:167,0
DA:168,0
DA:170,0
DA:180,0
DA:183,0
DA:184,0
DA:185,0
DA:186,0
DA:187,0
DA:188,0
DA:189,0
DA:190,0
DA:191,0
DA:192,0
DA:193,0
DA:194,0
DA:195,0
DA:196,0
DA:197,0
LF:54
LH:0
BRDA:29,0,0,0
BRDA:29,0,1,0
BRDA:82,1,0,0
BRDA:82,1,1,0
BRDA:146,2,0,0
BRDA:146,2,1,0
BRF:6
BRH:0
end_of_record
TN:
SF:src/components/ui/date-range-picker.tsx
FN:20,DatePickerWithRange
FNF:1
FNH:0
FNDA:0,DatePickerWithRange
DA:2,0
DA:5,0
DA:6,0
DA:7,0
DA:8,0
DA:20,0
DA:25,0
LF:7
LH:0
BRDA:34,0,0,0
BRDA:34,0,1,0
BRDA:39,1,0,0
BRDA:39,1,1,0
BRDA:39,2,0,0
BRDA:39,2,1,0
BRDA:39,3,0,0
BRDA:39,3,1,0
BRDA:40,4,0,0
BRDA:40,4,1,0
BRDA:57,5,0,0
BRDA:57,5,1,0
BRDA:57,6,0,0
BRDA:57,6,1,0
BRF:14
BRH:0
end_of_record
TN:
SF:src/components/ui/dialog.tsx
FN:18,(anonymous_10)
FN:33,(anonymous_11)
FN:54,(anonymous_12)
FN:68,(anonymous_13)
FN:85,(anonymous_14)
FN:100,(anonymous_15)
FNF:6
FNH:0
FNDA:0,(anonymous_10)
FNDA:0,(anonymous_11)
FNDA:0,(anonymous_12)
FNDA:0,(anonymous_13)
FNDA:0,(anonymous_14)
FNDA:0,(anonymous_15)
DA:1,0
DA:2,0
DA:3,0
DA:5,0
DA:7,0
DA:9,0
DA:11,0
DA:13,0
DA:15,0
DA:18,0
DA:28,0
DA:30,0
DA:33,0
DA:52,0
DA:54,0
DA:55,0
DA:56,0
DA:57,0
DA:66,0
DA:68,0
DA:69,0
DA:70,0
DA:71,0
DA:80,0
DA:82,0
DA:85,0
DA:95,0
DA:97,0
DA:100,0
DA:107,0
DA:110,0
DA:111,0
DA:112,0
DA:113,0
DA:114,0
DA:115,0
DA:116,0
DA:117,0
DA:118,0
DA:119,0
LF:40
LH:0
BRF:0
BRH:0
end_of_record
TN:
SF:src/components/ui/drawer.tsx
FN:6,(anonymous_10)
FN:26,(anonymous_11)
FN:38,(anonymous_12)
FN:56,(anonymous_13)
FN:67,(anonymous_14)
FN:81,(anonymous_15)
FN:96,(anonymous_16)
FNF:7
FNH:0
FNDA:0,(anonymous_10)
FNDA:0,(anonymous_11)
FNDA:0,(anonymous_12)
FNDA:0,(anonymous_13)
FNDA:0,(anonymous_14)
FNDA:0,(anonymous_15)
FNDA:0,(anonymous_16)
DA:1,0
DA:2,0
DA:4,0
DA:6,0
DA:7,0
DA:8,0
DA:9,0
DA:15,0
DA:17,0
DA:19,0
DA:21,0
DA:23,0
DA:26,0
DA:33,0
DA:35,0
DA:38,0
DA:54,0
DA:56,0
DA:57,0
DA:58,0
DA:59,0
DA:65,0
DA:67,0
DA:68,0
DA:69,0
DA:70,0
DA:76,0
DA:78,0
DA:81,0
DA:91,0
DA:93,0
DA:96,0
DA:103,0
DA:106,0
DA:107,0
DA:108,0
DA:109,0
DA:110,0
DA:111,0
DA:112,0
DA:113,0
DA:114,0
DA:115,0
LF:43
LH:0
BRDA:7,0,0,0
BRF:1
BRH:0
end_of_record
TN:
SF:src/components/ui/dropdown-menu.tsx
FN:24,(anonymous_10)
FN:44,(anonymous_11)
FN:60,(anonymous_12)
FN:80,(anonymous_13)
FN:96,(anonymous_14)
FN:120,(anonymous_15)
FN:144,(anonymous_16)
FN:160,(anonymous_17)
FN:169,(anonymous_18)
FNF:9
FNH:0
FNDA:0,(anonymous_10)
FNDA:0,(anonymous_11)
FNDA:0,(anonymous_12)
FNDA:0,(anonymous_13)
FNDA:0,(anonymous_14)
FNDA:0,(anonymous_15)
FNDA:0,(anonymous_16)
FNDA:0,(anonymous_17)
FNDA:0,(anonymous_18)
DA:1,0
DA:2,0
DA:3,0
DA:5,0
DA:7,0
DA:9,0
DA:11,0
DA:13,0
DA:15,0
DA:17,0
DA:19,0
DA:24,0
DA:38,0
DA:41,0
DA:44,0
DA:54,0
DA:57,0
DA:60,0
DA:73,0
DA:75,0
DA:80,0
DA:91,0
DA:93,0
DA:96,0
DA:114,0
DA:117,0
DA:120,0
DA:137,0
DA:139,0
DA:144,0
DA:155,0
DA:157,0
DA:160,0
DA:167,0
DA:169,0
DA:170,0
DA:171,0
DA:173,0
DA:180,0
DA:183,0
DA:184,0
DA:185,0
DA:186,0
DA:187,0
DA:188,0
DA:189,0
DA:190,0
DA:191,0
DA:192,0
DA:193,0
DA:194,0
DA:195,0
DA:196,0
DA:197,0
LF:54
LH:0
BRDA:29,0,0,0
BRDA:29,0,1,0
BRDA:60,1,0,0
BRDA:85,2,0,0
BRDA:85,2,1,0
BRDA:149,3,0,0
BRDA:149,3,1,0
BRF:7
BRH:0
end_of_record
TN:
SF:src/components/ui/hover-card.tsx
FN:13,(anonymous_10)
FNF:1
FNH:0
FNDA:0,(anonymous_10)
DA:1,0
DA:2,0
DA:4,0
DA:6,0
DA:8,0
DA:10,0
DA:13,0
DA:25,0
DA:27,0
LF:9
LH:0
BRDA:13,0,0,0
BRDA:13,1,0,0
BRF:2
BRH:0
end_of_record
TN:
SF:src/components/ui/input-otp.tsx
FN:10,(anonymous_10)
FN:26,(anonymous_11)
FN:34,(anonymous_12)
FN:62,(anonymous_13)
FNF:4
FNH:0
FNDA:0,(anonymous_10)
FNDA:0,(anonymous_11)
FNDA:0,(anonymous_12)
FNDA:0,(anonymous_13)
DA:1,0
DA:2,0
DA:3,0
DA:5,0
DA:7,0
DA:10,0
DA:21,0
DA:23,0
DA:26,0
DA:29,0
DA:31,0
DA:34,0
DA:35,0
DA:36,0
DA:38,0
DA:57,0
DA:59,0
DA:62,0
DA:67,0
DA:69,0
LF:20
LH:0
BRDA:43,0,0,0
BRDA:43,0,1,0
BRDA:49,1,0,0
BRDA:49,1,1,0
BRF:4
BRH:0
end_of_record
TN:
SF:src/components/ui/input.tsx
FN:6,(anonymous_10)
FNF:1
FNH:1
FNDA:21,(anonymous_10)
DA:1,1
DA:3,1
DA:5,1
DA:6,21
DA:7,20
DA:20,1
DA:22,1
LF:7
LH:7
BRF:0
BRH:0
end_of_record
TN:
SF:src/components/ui/label.tsx
FN:15,(anonymous_10)
FNF:1
FNH:0
FNDA:0,(anonymous_10)
DA:1,0
DA:2,0
DA:3,0
DA:5,0
DA:7,0
DA:11,0
DA:15,0
DA:22,0
DA:24,0
LF:9
LH:0
BRF:0
BRH:0
end_of_record
TN:
SF:src/components/ui/menubar.tsx
FN:20,(anonymous_10)
FN:35,(anonymous_11)
FN:52,(anonymous_12)
FN:71,(anonymous_13)
FN:87,(anonymous_14)
FN:113,(anonymous_15)
FN:129,(anonymous_16)
FN:152,(anonymous_17)
FN:176,(anonymous_18)
FN:192,(anonymous_19)
FN:201,(anonymous_20)
FNF:11
FNH:0
FNDA:0,(anonymous_10)
FNDA:0,(anonymous_11)
FNDA:0,(anonymous_12)
FNDA:0,(anonymous_13)
FNDA:0,(anonymous_14)
FNDA:0,(anonymous_15)
FNDA:0,(anonymous_16)
FNDA:0,(anonymous_17)
FNDA:0,(anonymous_18)
FNDA:0,(anonymous_19)
FNDA:0,(anonymous_20)
DA:1,0
DA:2,0
DA:3,0
DA:5,0
DA:7,0
DA:9,0
DA:11,0
DA:13,0
DA:15,0
DA:17,0
DA:20,0
DA:30,0
DA:32,0
DA:35,0
DA:45,0
DA:47,0
DA:52,0
DA:66,0
DA:68,0
DA:71,0
DA:81,0
DA:83,0
DA:88,0
DA:90,0
DA:106,0
DA:108,0
DA:113,0
DA:124,0
DA:126,0
DA:129,0
DA:147,0
DA:149,0
DA:152,0
DA:169,0
DA:171,0
DA:176,0
DA:187,0
DA:189,0
DA:192,0
DA:199,0
DA:201,0
DA:202,0
DA:203,0
DA:205,0
DA:215,0
DA:218,0
DA:219,0
DA:220,0
DA:221,0
DA:222,0
DA:223,0
DA:224,0
DA:225,0
DA:226,0
DA:227,0
DA:228,0
DA:229,0
DA:230,0
DA:231,0
DA:232,0
DA:233,0
LF:61
LH:0
BRDA:57,0,0,0
BRDA:57,0,1,0
BRDA:88,1,0,0
BRDA:88,2,0,0
BRDA:88,3,0,0
BRDA:118,4,0,0
BRDA:118,4,1,0
BRDA:181,5,0,0
BRDA:181,5,1,0
BRF:9
BRH:0
end_of_record
TN:
SF:src/components/ui/navigation-menu.tsx
FN:11,(anonymous_10)
FN:29,(anonymous_11)
FN:50,(anonymous_12)
FN:68,(anonymous_13)
FN:85,(anonymous_14)
FN:103,(anonymous_15)
FNF:6
FNH:0
FNDA:0,(anonymous_10)
FNDA:0,(anonymous_11)
FNDA:0,(anonymous_12)
FNDA:0,(anonymous_13)
FNDA:0,(anonymous_14)
FNDA:0,(anonymous_15)
DA:1,0
DA:2,0
DA:3,0
DA:4,0
DA:6,0
DA:8,0
DA:11,0
DA:24,0
DA:26,0
DA:29,0
DA:39,0
DA:41,0
DA:43,0
DA:47,0
DA:50,0
DA:63,0
DA:65,0
DA:68,0
DA:78,0
DA:80,0
DA:82,0
DA:85,0
DA:97,0
DA:100,0
DA:103,0
DA:115,0
DA:119,0
DA:120,0
DA:121,0
DA:122,0
DA:123,0
DA:124,0
DA:125,0
DA:126,0
DA:127,0
LF:35
LH:0
BRF:0
BRH:0
end_of_record
TN:
SF:src/components/ui/pagination.tsx
FN:7,(anonymous_10)
FN:20,(anonymous_11)
FN:32,(anonymous_12)
FN:42,(anonymous_13)
FN:62,(anonymous_14)
FN:78,(anonymous_15)
FN:94,(anonymous_16)
FNF:7
FNH:0
FNDA:0,(anonymous_10)
FNDA:0,(anonymous_11)
FNDA:0,(anonymous_12)
FNDA:0,(anonymous_13)
FNDA:0,(anonymous_14)
FNDA:0,(anonymous_15)
FNDA:0,(anonymous_16)
DA:1,0
DA:2,0
DA:4,0
DA:5,0
DA:7,0
DA:15,0
DA:17,0
DA:20,0
DA:27,0
DA:29,0
DA:32,0
DA:35,0
DA:42,0
DA:45,0
DA:46,0
DA:47,0
DA:60,0
DA:62,0
DA:63,0
DA:64,0
DA:65,0
DA:76,0
DA:78,0
DA:79,0
DA:80,0
DA:81,0
DA:92,0
DA:94,0
DA:95,0
DA:96,0
DA:97,0
DA:107,0
DA:110,0
DA:111,0
DA:112,0
DA:113,0
DA:114,0
DA:115,0
DA:116,0
LF:39
LH:0
BRDA:45,0,0,0
BRDA:49,1,0,0
BRDA:49,1,1,0
BRDA:52,2,0,0
BRDA:52,2,1,0
BRF:5
BRH:0
end_of_record
TN:
SF:src/components/ui/popover.tsx
FN:13,(anonymous_10)
FNF:1
FNH:0
FNDA:0,(anonymous_10)
DA:1,0
DA:2,0
DA:4,0
DA:6,0
DA:8,0
DA:10,0
DA:13,0
DA:27,0
DA:29,0
LF:9
LH:0
BRDA:13,0,0,0
BRDA:13,1,0,0
BRF:2
BRH:0
end_of_record
TN:
SF:src/components/ui/progress.tsx
FN:9,(anonymous_10)
FNF:1
FNH:0
FNDA:0,(anonymous_10)
DA:1,0
DA:2,0
DA:4,0
DA:6,0
DA:9,0
DA:24,0
DA:26,0
LF:7
LH:0
BRDA:20,0,0,0
BRDA:20,0,1,0
BRF:2
BRH:0
end_of_record
TN:
SF:src/components/ui/radio-group.tsx
FN:10,(anonymous_10)
FN:24,(anonymous_11)
FNF:2
FNH:0
FNDA:0,(anonymous_10)
FNDA:0,(anonymous_11)
DA:1,0
DA:2,0
DA:3,0
DA:5,0
DA:7,0
DA:10,0
DA:11,0
DA:19,0
DA:21,0
DA:24,0
DA:25,0
DA:40,0
DA:42,0
LF:13
LH:0
BRF:0
BRH:0
end_of_record
TN:
SF:src/components/ui/resizable.tsx
FN:6,(anonymous_10)
FN:21,(anonymous_11)
FNF:2
FNH:0
FNDA:0,(anonymous_10)
FNDA:0,(anonymous_11)
DA:1,0
DA:2,0
DA:4,0
DA:6,0
DA:7,0
DA:8,0
DA:9,0
DA:19,0
DA:21,0
DA:23,0
DA:24,0
DA:27,0
DA:43,0
LF:13
LH:0
BRDA:35,0,0,0
BRDA:35,0,1,0
BRF:2
BRH:0
end_of_record
TN:
SF:src/components/ui/scroll-area.tsx
FN:9,(anonymous_10)
FN:27,(anonymous_11)
FNF:2
FNH:0
FNDA:0,(anonymous_10)
FNDA:0,(anonymous_11)
DA:1,0
DA:2,0
DA:4,0
DA:6,0
DA:9,0
DA:22,0
DA:24,0
DA:27,0
DA:44,0
DA:46,0
LF:10
LH:0
BRDA:27,0,0,0
BRDA:33,1,0,0
BRDA:33,1,1,0
BRDA:35,2,0,0
BRDA:35,2,1,0
BRF:5
BRH:0
end_of_record
TN:
SF:src/components/ui/select.tsx
FN:16,(anonymous_10)
FN:36,(anonymous_11)
FN:53,(anonymous_12)
FN:71,(anonymous_13)
FN:103,(anonymous_14)
FN:115,(anonymous_15)
FN:138,(anonymous_16)
FNF:7
FNH:0
FNDA:0,(anonymous_10)
FNDA:0,(anonymous_11)
FNDA:0,(anonymous_12)
FNDA:0,(anonymous_13)
FNDA:0,(anonymous_14)
FNDA:0,(anonymous_15)
FNDA:0,(anonymous_16)
DA:1,0
DA:2,0
DA:3,0
DA:5,0
DA:7,0
DA:9,0
DA:11,0
DA:13,0
DA:16,0
DA:31,0
DA:33,0
DA:36,0
DA:48,0
DA:50,0
DA:53,0
DA:65,0
DA:68,0
DA:71,0
DA:98,0
DA:100,0
DA:103,0
DA:110,0
DA:112,0
DA:115,0
DA:133,0
DA:135,0
DA:138,0
DA:145,0
DA:148,0
DA:149,0
DA:150,0
DA:151,0
DA:152,0
DA:153,0
DA:154,0
DA:155,0
DA:156,0
DA:157,0
LF:38
LH:0
BRDA:71,0,0,0
BRDA:77,1,0,0
BRDA:77,1,1,0
BRDA:88,2,0,0
BRDA:88,2,1,0
BRF:5
BRH:0
end_of_record
TN:
SF:src/components/ui/separator.tsx
FN:10,(anonymous_10)
FNF:1
FNH:0
FNDA:0,(anonymous_10)
DA:1,0
DA:2,0
DA:4,0
DA:6,0
DA:11,0
DA:13,0
DA:27,0
DA:29,0
LF:8
LH:0
BRDA:11,0,0,0
BRDA:11,1,0,0
BRDA:20,2,0,0
BRDA:20,2,1,0
BRF:4
BRH:0
end_of_record
TN:
SF:src/components/ui/sheet.tsx
FN:19,(anonymous_10)
FN:57,(anonymous_11)
FN:75,(anonymous_12)
FN:89,(anonymous_13)
FN:106,(anonymous_14)
FN:118,(anonymous_15)
FNF:6
FNH:0
FNDA:0,(anonymous_10)
FNDA:0,(anonymous_11)
FNDA:0,(anonymous_12)
FNDA:0,(anonymous_13)
FNDA:0,(anonymous_14)
FNDA:0,(anonymous_15)
DA:1,0
DA:2,0
DA:3,0
DA:4,0
DA:6,0
DA:8,0
DA:10,0
DA:12,0
DA:14,0
DA:16,0
DA:19,0
DA:29,0
DA:31,0
DA:54,0
DA:57,0
DA:73,0
DA:75,0
DA:76,0
DA:77,0
DA:78,0
DA:87,0
DA:89,0
DA:90,0
DA:91,0
DA:92,0
DA:101,0
DA:103,0
DA:106,0
DA:113,0
DA:115,0
DA:118,0
DA:125,0
DA:128,0
DA:129,0
LF:34
LH:0
BRDA:57,0,0,0
BRF:1
BRH:0
end_of_record
TN:
SF:src/components/ui/sidebar.tsx
FN:39,useSidebar
FN:56,(anonymous_11)
FN:76,(anonymous_12)
FN:91,(anonymous_13)
FN:93,(anonymous_14)
FN:94,(anonymous_15)
FN:98,(anonymous_16)
FN:99,(anonymous_17)
FN:110,(anonymous_18)
FN:118,(anonymous_19)
FN:165,(anonymous_20)
FN:263,(anonymous_21)
FN:273,(anonymous_22)
FN:289,(anonymous_23)
FN:318,(anonymous_24)
FN:336,(anonymous_25)
FN:354,(anonymous_26)
FN:369,(anonymous_27)
FN:384,(anonymous_28)
FN:399,(anonymous_29)
FN:417,(anonymous_30)
FN:432,(anonymous_31)
FN:453,(anonymous_32)
FN:476,(anonymous_33)
FN:489,(anonymous_34)
FN:502,(anonymous_35)
FN:542,(anonymous_36)
FN:599,(anonymous_37)
FN:627,(anonymous_38)
FN:650,(anonymous_39)
FN:652,(anonymous_40)
FN:686,(anonymous_41)
FN:703,(anonymous_42)
FN:713,(anonymous_43)
FNF:34
FNH:0
FNDA:0,useSidebar
FNDA:0,(anonymous_11)
FNDA:0,(anonymous_12)
FNDA:0,(anonymous_13)
FNDA:0,(anonymous_14)
FNDA:0,(anonymous_15)
FNDA:0,(anonymous_16)
FNDA:0,(anonymous_17)
FNDA:0,(anonymous_18)
FNDA:0,(anonymous_19)
FNDA:0,(anonymous_20)
FNDA:0,(anonymous_21)
FNDA:0,(anonymous_22)
FNDA:0,(anonymous_23)
FNDA:0,(anonymous_24)
FNDA:0,(anonymous_25)
FNDA:0,(anonymous_26)
FNDA:0,(anonymous_27)
FNDA:0,(anonymous_28)
FNDA:0,(anonymous_29)
FNDA:0,(anonymous_30)
FNDA:0,(anonymous_31)
FNDA:0,(anonymous_32)
FNDA:0,(anonymous_33)
FNDA:0,(anonymous_34)
FNDA:0,(anonymous_35)
FNDA:0,(anonymous_36)
FNDA:0,(anonymous_37)
FNDA:0,(anonymous_38)
FNDA:0,(anonymous_39)
FNDA:0,(anonymous_40)
FNDA:0,(anonymous_41)
FNDA:0,(anonymous_42)
FNDA:0,(anonymous_43)
DA:1,0
DA:2,0
DA:3,0
DA:4,0
DA:6,0
DA:7,0
DA:8,0
DA:9,0
DA:10,0
DA:11,0
DA:12,0
DA:13,0
DA:20,0
DA:21,0
DA:22,0
DA:23,0
DA:24,0
DA:25,0
DA:37,0
DA:40,0
DA:41,0
DA:42,0
DA:45,0
DA:48,0
DA:63,0
DA:64,0
DA:68,0
DA:69,0
DA:73,0
DA:74,0
DA:75,0
DA:77,0
DA:78,0
DA:79,0
DA:81,0
DA:85,0
DA:91,0
DA:92,0
DA:93,0
DA:94,0
DA:98,0
DA:99,0
DA:100,0
DA:104,0
DA:105,0
DA:109,0
DA:110,0
DA:115,0
DA:117,0
DA:118,0
DA:130,0
DA:155,0
DA:157,0
DA:171,0
DA:172,0
DA:176,0
DA:178,0
DA:179,0
DA:193,0
DA:194,0
DA:213,0
DA:258,0
DA:260,0
DA:263,0
DA:264,0
DA:266,0
DA:274,0
DA:275,0
DA:284,0
DA:286,0
DA:289,0
DA:290,0
DA:292,0
DA:313,0
DA:315,0
DA:318,0
DA:319,0
DA:331,0
DA:333,0
DA:336,0
DA:337,0
DA:349,0
DA:351,0
DA:354,0
DA:355,0
DA:364,0
DA:366,0
DA:369,0
DA:370,0
DA:379,0
DA:381,0
DA:384,0
DA:385,0
DA:394,0
DA:396,0
DA:399,0
DA:400,0
DA:412,0
DA:414,0
DA:417,0
DA:418,0
DA:427,0
DA:429,0
DA:432,0
DA:433,0
DA:435,0
DA:448,0
DA:450,0
DA:453,0
DA:454,0
DA:456,0
DA:471,0
DA:473,0
DA:476,0
DA:484,0
DA:486,0
DA:489,0
DA:497,0
DA:499,0
DA:502,0
DA:510,0
DA:512,0
DA:534,0
DA:549,0
DA:550,0
DA:554,0
DA:555,0
DA:558,0
DA:568,0
DA:569,0
DA:572,0
DA:573,0
DA:578,0
DA:591,0
DA:593,0
DA:599,0
DA:600,0
DA:602,0
DA:622,0
DA:624,0
DA:627,0
DA:643,0
DA:645,0
DA:650,0
DA:652,0
DA:653,0
DA:656,0
DA:681,0
DA:683,0
DA:686,0
DA:698,0
DA:700,0
DA:703,0
DA:704,0
DA:706,0
DA:713,0
DA:714,0
DA:716,0
DA:734,0
DA:737,0
DA:738,0
DA:739,0
DA:740,0
DA:741,0
DA:742,0
DA:743,0
DA:744,0
DA:745,0
DA:746,0
DA:747,0
DA:748,0
DA:749,0
DA:750,0
DA:751,0
DA:752,0
DA:753,0
DA:754,0
DA:755,0
DA:756,0
DA:757,0
DA:758,0
DA:759,0
DA:760,0
LF:183
LH:0
BRDA:41,0,0,0
BRDA:41,0,1,0
BRDA:58,1,0,0
BRDA:74,2,0,0
BRDA:74,2,1,0
BRDA:74,3,0,0
BRDA:74,3,1,0
BRDA:77,4,0,0
BRDA:77,4,1,0
BRDA:78,5,0,0
BRDA:78,5,1,0
BRDA:92,6,0,0
BRDA:92,6,1,0
BRDA:100,7,0,0
BRDA:100,7,1,0
BRDA:101,8,0,0
BRDA:101,8,1,0
BRDA:101,8,2,0
BRDA:115,9,0,0
BRDA:115,9,1,0
BRDA:167,10,0,0
BRDA:168,11,0,0
BRDA:169,12,0,0
BRDA:178,13,0,0
BRDA:178,13,1,0
BRDA:193,14,0,0
BRDA:193,14,1,0
BRDA:218,15,0,0
BRDA:218,15,1,0
BRDA:228,16,0,0
BRDA:228,16,1,0
BRDA:228,17,0,0
BRDA:228,17,1,0
BRDA:236,18,0,0
BRDA:236,18,1,0
BRDA:240,19,0,0
BRDA:240,19,1,0
BRDA:240,20,0,0
BRDA:240,20,1,0
BRDA:274,21,0,0
BRDA:274,21,1,0
BRDA:274,22,0,0
BRDA:274,22,1,0
BRDA:432,23,0,0
BRDA:433,24,0,0
BRDA:433,24,1,0
BRDA:453,25,0,0
BRDA:454,26,0,0
BRDA:454,26,1,0
BRDA:544,27,0,0
BRDA:545,28,0,0
BRDA:546,29,0,0
BRDA:547,30,0,0
BRDA:554,31,0,0
BRDA:554,31,1,0
BRDA:568,32,0,0
BRDA:568,32,1,0
BRDA:572,33,0,0
BRDA:572,33,1,0
BRDA:584,34,0,0
BRDA:584,34,1,0
BRDA:599,35,0,0
BRDA:599,36,0,0
BRDA:600,37,0,0
BRDA:600,37,1,0
BRDA:614,38,0,0
BRDA:614,38,1,0
BRDA:650,39,0,0
BRDA:663,40,0,0
BRDA:663,40,1,0
BRDA:713,41,0,0
BRDA:713,42,0,0
BRDA:714,43,0,0
BRDA:714,43,1,0
BRDA:725,44,0,0
BRDA:725,44,1,0
BRDA:726,45,0,0
BRDA:726,45,1,0
BRF:78
BRH:0
end_of_record
TN:
SF:src/components/ui/skeleton.tsx
FN:3,Skeleton
FNF:1
FNH:0
FNDA:0,Skeleton
DA:1,0
DA:4,0
DA:5,0
DA:7,0
DA:15,0
LF:5
LH:0
BRF:0
BRH:0
end_of_record
TN:
SF:src/components/ui/slider.tsx
FN:9,(anonymous_10)
FNF:1
FNH:0
FNDA:0,(anonymous_10)
DA:1,0
DA:2,0
DA:4,0
DA:6,0
DA:9,0
DA:24,0
DA:26,0
LF:7
LH:0
BRF:0
BRH:0
end_of_record
TN:
SF:src/components/ui/sonner.tsx
FN:29,(anonymous_1)
FN:6,(anonymous_2)
FNF:2
FNH:0
FNDA:0,(anonymous_1)
FNDA:0,(anonymous_2)
DA:1,0
DA:2,0
DA:6,0
DA:7,0
DA:9,0
DA:29,0
LF:6
LH:0
BRDA:7,0,0,0
BRF:1
BRH:0
end_of_record
TN:
SF:src/components/ui/switch.tsx
FN:9,(anonymous_10)
FNF:1
FNH:0
FNDA:0,(anonymous_10)
DA:1,0
DA:2,0
DA:4,0
DA:6,0
DA:9,0
DA:25,0
DA:27,0
LF:7
LH:0
BRF:0
BRH:0
end_of_record
TN:
SF:src/components/ui/table.tsx
FN:8,(anonymous_10)
FN:22,(anonymous_11)
FN:30,(anonymous_12)
FN:42,(anonymous_13)
FN:57,(anonymous_14)
FN:72,(anonymous_15)
FN:87,(anonymous_16)
FN:99,(anonymous_17)
FNF:8
FNH:0
FNDA:0,(anonymous_10)
FNDA:0,(anonymous_11)
FNDA:0,(anonymous_12)
FNDA:0,(anonymous_13)
FNDA:0,(anonymous_14)
FNDA:0,(anonymous_15)
FNDA:0,(anonymous_16)
FNDA:0,(anonymous_17)
DA:1,0
DA:3,0
DA:5,0
DA:8,0
DA:17,0
DA:19,0
DA:22,0
DA:25,0
DA:27,0
DA:30,0
DA:37,0
DA:39,0
DA:42,0
DA:52,0
DA:54,0
DA:57,0
DA:67,0
DA:69,0
DA:72,0
DA:82,0
DA:84,0
DA:87,0
DA:94,0
DA:96,0
DA:99,0
DA:106,0
DA:109,0
DA:110,0
DA:111,0
DA:112,0
DA:113,0
DA:114,0
DA:115,0
DA:116,0
LF:34
LH:0
BRF:0
BRH:0
end_of_record
TN:
SF:src/components/ui/tabs.tsx
FN:11,(anonymous_10)
FN:26,(anonymous_11)
FN:41,(anonymous_12)
FNF:3
FNH:0
FNDA:0,(anonymous_10)
FNDA:0,(anonymous_11)
FNDA:0,(anonymous_12)
DA:1,0
DA:2,0
DA:4,0
DA:6,0
DA:8,0
DA:11,0
DA:21,0
DA:23,0
DA:26,0
DA:36,0
DA:38,0
DA:41,0
DA:51,0
DA:53,0
LF:14
LH:0
BRF:0
BRH:0
end_of_record
TN:
SF:src/components/ui/textarea.tsx
FN:11,(anonymous_10)
FNF:1
FNH:0
FNDA:0,(anonymous_10)
DA:1,0
DA:3,0
DA:10,0
DA:11,0
DA:12,0
DA:24,0
DA:26,0
LF:7
LH:0
BRF:0
BRH:0
end_of_record
TN:
SF:src/components/ui/toast.tsx
FN:13,(anonymous_10)
FN:45,(anonymous_11)
FN:59,(anonymous_12)
FN:74,(anonymous_13)
FN:92,(anonymous_14)
FN:104,(anonymous_15)
FNF:6
FNH:0
FNDA:0,(anonymous_10)
FNDA:0,(anonymous_11)
FNDA:0,(anonymous_12)
FNDA:0,(anonymous_13)
FNDA:0,(anonymous_14)
FNDA:0,(anonymous_15)
DA:1,0
DA:2,0
DA:3,0
DA:4,0
DA:6,0
DA:8,0
DA:10,0
DA:13,0
DA:23,0
DA:25,0
DA:41,0
DA:45,0
DA:46,0
DA:54,0
DA:56,0
DA:59,0
DA:69,0
DA:71,0
DA:74,0
DA:87,0
DA:89,0
DA:92,0
DA:99,0
DA:101,0
DA:104,0
DA:111,0
DA:120,0
DA:121,0
DA:122,0
DA:123,0
DA:124,0
DA:125,0
DA:126,0
LF:33
LH:0
BRF:0
BRH:0
end_of_record
TN:
SF:src/components/ui/toaster.tsx
FN:11,Toaster
FN:16,(anonymous_2)
FNF:2
FNH:0
FNDA:0,Toaster
FNDA:0,(anonymous_2)
DA:1,0
DA:2,0
DA:11,0
DA:12,0
DA:14,0
DA:16,0
DA:17,0
LF:7
LH:0
BRDA:20,0,0,0
BRDA:20,0,1,0
BRDA:21,1,0,0
BRDA:21,1,1,0
BRF:4
BRH:0
end_of_record
TN:
SF:src/components/ui/toggle.tsx
FN:33,(anonymous_10)
FNF:1
FNH:0
FNDA:0,(anonymous_10)
DA:1,0
DA:2,0
DA:3,0
DA:5,0
DA:7,0
DA:29,0
DA:33,0
DA:41,0
DA:43,0
LF:9
LH:0
BRF:0
BRH:0
end_of_record
TN:
SF:src/components/ui/tooltip.tsx
FN:15,(anonymous_10)
FNF:1
FNH:0
FNDA:0,(anonymous_10)
DA:1,0
DA:2,0
DA:4,0
DA:6,0
DA:8,0
DA:10,0
DA:12,0
DA:15,0
DA:26,0
DA:28,0
LF:10
LH:0
BRDA:15,0,0,0
BRF:1
BRH:0
end_of_record
TN:
SF:src/components/ui/use-toast.ts
FN:3,(anonymous_0)
FN:3,(anonymous_1)
FNF:2
FNH:0
FNDA:0,(anonymous_0)
FNDA:0,(anonymous_1)
DA:1,0
DA:3,0
LF:2
LH:0
BRF:0
BRH:0
end_of_record
TN:
SF:src/hooks/use-mobile.tsx
FN:5,useIsMobile
FN:8,(anonymous_10)
FN:10,(anonymous_11)
FN:15,(anonymous_12)
FNF:4
FNH:0
FNDA:0,useIsMobile
FNDA:0,(anonymous_10)
FNDA:0,(anonymous_11)
FNDA:0,(anonymous_12)
DA:1,0
DA:3,0
DA:5,0
DA:6,0
DA:8,0
DA:9,0
DA:10,0
DA:11,0
DA:13,0
DA:14,0
DA:15,0
DA:18,0
LF:12
LH:0
BRF:0
BRH:0
end_of_record
TN:
SF:src/hooks/use-toast.ts
FN:27,genId
FN:58,(anonymous_11)
FN:63,(anonymous_12)
FN:74,(anonymous_13)
FN:85,(anonymous_14)
FN:98,(anonymous_15)
FN:105,(anonymous_16)
FN:124,(anonymous_17)
FN:133,dispatch
FN:135,(anonymous_19)
FN:142,toast
FN:145,(anonymous_21)
FN:150,(anonymous_22)
FN:158,(anonymous_23)
FN:171,useToast
FN:174,(anonymous_25)
FN:176,(anonymous_26)
FN:187,(anonymous_27)
FNF:18
FNH:0
FNDA:0,genId
FNDA:0,(anonymous_11)
FNDA:0,(anonymous_12)
FNDA:0,(anonymous_13)
FNDA:0,(anonymous_14)
FNDA:0,(anonymous_15)
FNDA:0,(anonymous_16)
FNDA:0,(anonymous_17)
FNDA:0,dispatch
FNDA:0,(anonymous_19)
FNDA:0,toast
FNDA:0,(anonymous_21)
FNDA:0,(anonymous_22)
FNDA:0,(anonymous_23)
FNDA:0,useToast
FNDA:0,(anonymous_25)
FNDA:0,(anonymous_26)
FNDA:0,(anonymous_27)
DA:1,0
DA:8,0
DA:9,0
DA:18,0
DA:25,0
DA:28,0
DA:29,0
DA:56,0
DA:58,0
DA:59,0
DA:60,0
DA:63,0
DA:64,0
DA:65,0
DA:71,0
DA:74,0
DA:75,0
DA:77,0
DA:83,0
DA:86,0
DA:91,0
DA:95,0
DA:96,0
DA:98,0
DA:99,0
DA:103,0
DA:106,0
DA:116,0
DA:117,0
DA:122,0
DA:124,0
DA:129,0
DA:131,0
DA:134,0
DA:135,0
DA:136,0
DA:142,0
DA:143,0
DA:145,0
DA:146,0
DA:150,0
DA:152,0
DA:159,0
DA:164,0
DA:172,0
DA:174,0
DA:175,0
DA:176,0
DA:177,0
DA:178,0
DA:179,0
DA:184,0
DA:187,0
DA:191,0
LF:54
LH:0
BRDA:59,0,0,0
BRDA:59,0,1,0
BRDA:75,1,0,0
BRDA:75,1,1,0
BRDA:75,1,2,0
BRDA:75,1,3,0
BRDA:86,2,0,0
BRDA:86,2,1,0
BRDA:95,3,0,0
BRDA:95,3,1,0
BRDA:106,4,0,0
BRDA:106,4,1,0
BRDA:106,5,0,0
BRDA:106,5,1,0
BRDA:116,6,0,0
BRDA:116,6,1,0
BRDA:159,7,0,0
BRDA:159,7,1,0
BRDA:178,8,0,0
BRDA:178,8,1,0
BRF:20
BRH:0
end_of_record
TN:
SF:src/hooks/useNotifications.ts
FN:6,(anonymous_0)
FN:12,(anonymous_1)
FN:20,(anonymous_2)
FN:27,(anonymous_3)
FN:28,(anonymous_4)
FN:32,(anonymous_5)
FN:39,(anonymous_6)
FN:40,(anonymous_7)
FN:45,(anonymous_8)
FN:52,(anonymous_9)
FN:53,(anonymous_10)
FN:58,(anonymous_11)
FN:65,(anonymous_12)
FN:66,(anonymous_13)
FN:71,(anonymous_14)
FN:77,(anonymous_15)
FN:78,(anonymous_16)
FN:86,(anonymous_17)
FN:90,(anonymous_18)
FN:91,(anonymous_19)
FN:100,(anonymous_20)
FN:116,(anonymous_21)
FNF:22
FNH:0
FNDA:0,(anonymous_0)
FNDA:0,(anonymous_1)
FNDA:0,(anonymous_2)
FNDA:0,(anonymous_3)
FNDA:0,(anonymous_4)
FNDA:0,(anonymous_5)
FNDA:0,(anonymous_6)
FNDA:0,(anonymous_7)
FNDA:0,(anonymous_8)
FNDA:0,(anonymous_9)
FNDA:0,(anonymous_10)
FNDA:0,(anonymous_11)
FNDA:0,(anonymous_12)
FNDA:0,(anonymous_13)
FNDA:0,(anonymous_14)
FNDA:0,(anonymous_15)
FNDA:0,(anonymous_16)
FNDA:0,(anonymous_17)
FNDA:0,(anonymous_18)
FNDA:0,(anonymous_19)
FNDA:0,(anonymous_20)
FNDA:0,(anonymous_21)
DA:1,0
DA:2,0
DA:3,0
DA:4,0
DA:6,0
DA:7,0
DA:10,0
DA:12,0
DA:18,0
DA:20,0
DA:26,0
DA:27,0
DA:29,0
DA:30,0
DA:33,0
DA:38,0
DA:39,0
DA:41,0
DA:42,0
DA:43,0
DA:46,0
DA:51,0
DA:52,0
DA:54,0
DA:55,0
DA:56,0
DA:59,0
DA:64,0
DA:65,0
DA:67,0
DA:68,0
DA:69,0
DA:72,0
DA:77,0
DA:78,0
DA:80,0
DA:81,0
DA:82,0
DA:86,0
DA:90,0
DA:91,0
DA:92,0
DA:94,0
DA:95,0
DA:99,0
DA:100,0
DA:103,0
DA:117,0
DA:118,0
LF:49
LH:0
BRDA:80,0,0,0
BRDA:80,0,1,0
BRDA:92,1,0,0
BRDA:92,1,1,0
BRDA:104,2,0,0
BRDA:104,2,1,0
BRDA:104,3,0,0
BRDA:104,3,1,0
BRDA:104,4,0,0
BRDA:104,4,1,0
BRDA:104,5,0,0
BRDA:104,5,1,0
BRDA:104,6,0,0
BRDA:104,6,1,0
BRDA:105,7,0,0
BRDA:105,7,1,0
BRDA:105,8,0,0
BRDA:105,8,1,0
BRDA:105,9,0,0
BRDA:105,9,1,0
BRDA:105,10,0,0
BRDA:105,10,1,0
BRDA:105,11,0,0
BRDA:105,11,1,0
BRDA:106,12,0,0
BRDA:106,12,1,0
BRDA:107,13,0,0
BRDA:107,13,1,0
BRF:28
BRH:0
end_of_record
TN:
SF:src/hooks/useSettings.ts
FN:80,(anonymous_0)
FN:87,(anonymous_1)
FN:114,(anonymous_2)
FN:125,(anonymous_3)
FN:136,(anonymous_4)
FN:163,(anonymous_5)
FN:175,(anonymous_6)
FN:195,(anonymous_7)
FNF:8
FNH:0
FNDA:0,(anonymous_0)
FNDA:0,(anonymous_1)
FNDA:0,(anonymous_2)
FNDA:0,(anonymous_3)
FNDA:0,(anonymous_4)
FNDA:0,(anonymous_5)
FNDA:0,(anonymous_6)
FNDA:0,(anonymous_7)
DA:1,0
DA:2,0
DA:42,0
DA:55,0
DA:62,0
DA:71,0
DA:80,0
DA:81,0
DA:82,0
DA:83,0
DA:84,0
DA:87,0
DA:88,0
DA:89,0
DA:90,0
DA:91,0
DA:94,0
DA:95,0
DA:96,0
DA:99,0
DA:100,0
DA:101,0
DA:104,0
DA:105,0
DA:106,0
DA:109,0
DA:114,0
DA:115,0
DA:116,0
DA:117,0
DA:118,0
DA:120,0
DA:121,0
DA:125,0
DA:126,0
DA:127,0
DA:128,0
DA:129,0
DA:131,0
DA:132,0
DA:136,0
DA:137,0
DA:138,0
DA:139,0
DA:142,0
DA:143,0
DA:144,0
DA:145,0
DA:148,0
DA:149,0
DA:150,0
DA:152,0
DA:156,0
DA:158,0
DA:159,0
DA:163,0
DA:164,0
DA:165,0
DA:166,0
DA:167,0
DA:169,0
DA:170,0
DA:175,0
DA:176,0
DA:177,0
DA:178,0
DA:179,0
DA:180,0
DA:182,0
DA:183,0
DA:184,0
DA:185,0
DA:187,0
DA:189,0
DA:190,0
DA:195,0
DA:196,0
DA:197,0
DA:198,0
DA:199,0
DA:202,0
DA:203,0
DA:204,0
DA:206,0
DA:211,0
LF:85
LH:0
BRDA:90,0,0,0
BRDA:90,0,1,0
BRDA:95,1,0,0
BRDA:95,1,1,0
BRDA:100,2,0,0
BRDA:100,2,1,0
BRDA:105,3,0,0
BRDA:105,3,1,0
BRDA:142,4,0,0
BRDA:142,4,1,0
BRDA:144,5,0,0
BRDA:144,5,1,0
BRDA:149,6,0,0
BRDA:149,6,1,0
BRDA:196,7,0,0
BRDA:196,7,1,0
BRDA:198,8,0,0
BRDA:198,8,1,0
BRDA:203,9,0,0
BRDA:203,9,1,0
BRF:20
BRH:0
end_of_record
TN:
SF:src/lib/api.ts
FN:13,(anonymous_1)
FN:20,(anonymous_2)
FN:27,(anonymous_3)
FN:28,(anonymous_4)
FN:40,(anonymous_5)
FN:43,(anonymous_6)
FN:46,(anonymous_7)
FN:49,(anonymous_8)
FN:52,(anonymous_9)
FN:61,(anonymous_10)
FN:64,(anonymous_11)
FN:67,(anonymous_12)
FN:70,(anonymous_13)
FN:74,(anonymous_14)
FN:82,(anonymous_15)
FN:85,(anonymous_16)
FN:88,(anonymous_17)
FN:91,(anonymous_18)
FN:95,(anonymous_19)
FN:106,(anonymous_20)
FN:109,(anonymous_21)
FN:112,(anonymous_22)
FN:115,(anonymous_23)
FN:119,(anonymous_24)
FN:131,(anonymous_25)
FN:134,(anonymous_26)
FN:137,(anonymous_27)
FN:140,(anonymous_28)
FN:144,(anonymous_29)
FN:147,(anonymous_30)
FN:150,(anonymous_31)
FN:153,(anonymous_32)
FN:156,(anonymous_33)
FN:160,(anonymous_34)
FN:163,(anonymous_35)
FN:166,(anonymous_36)
FN:169,(anonymous_37)
FN:172,(anonymous_38)
FN:176,(anonymous_39)
FN:186,(anonymous_40)
FN:189,(anonymous_41)
FN:192,(anonymous_42)
FN:195,(anonymous_43)
FN:199,(anonymous_44)
FN:208,(anonymous_45)
FN:212,(anonymous_46)
FN:220,(anonymous_47)
FN:223,(anonymous_48)
FN:226,(anonymous_49)
FN:229,(anonymous_50)
FN:232,(anonymous_51)
FN:235,(anonymous_52)
FN:238,(anonymous_53)
FN:242,(anonymous_54)
FN:245,(anonymous_55)
FN:248,(anonymous_56)
FN:251,(anonymous_57)
FN:254,(anonymous_58)
FN:257,(anonymous_59)
FN:260,(anonymous_60)
FN:263,(anonymous_61)
FN:266,(anonymous_62)
FN:269,(anonymous_63)
FN:273,(anonymous_64)
FN:276,(anonymous_65)
FN:279,(anonymous_66)
FN:282,(anonymous_67)
FN:285,(anonymous_68)
FN:289,(anonymous_69)
FN:292,(anonymous_70)
FN:295,(anonymous_71)
FN:298,(anonymous_72)
FN:301,(anonymous_73)
FN:305,(anonymous_74)
FN:308,(anonymous_75)
FN:311,(anonymous_76)
FN:314,(anonymous_77)
FN:317,(anonymous_78)
FN:320,(anonymous_79)
FN:324,(anonymous_80)
FN:327,(anonymous_81)
FN:330,(anonymous_82)
FN:333,(anonymous_83)
FN:336,(anonymous_84)
FN:340,(anonymous_85)
FN:344,(anonymous_86)
FN:347,(anonymous_87)
FN:350,(anonymous_88)
FN:353,(anonymous_89)
FN:356,(anonymous_90)
FN:360,(anonymous_91)
FN:363,(anonymous_92)
FN:366,(anonymous_93)
FN:369,(anonymous_94)
FN:372,(anonymous_95)
FN:376,(anonymous_96)
FN:379,(anonymous_97)
FN:383,(anonymous_98)
FN:386,(anonymous_99)
FN:389,(anonymous_100)
FN:392,(anonymous_101)
FN:395,(anonymous_102)
FN:398,(anonymous_103)
FN:401,(anonymous_104)
FN:404,(anonymous_105)
FN:407,(anonymous_106)
FN:410,(anonymous_107)
FN:413,(anonymous_108)
FN:417,(anonymous_109)
FN:420,(anonymous_110)
FNF:110
FNH:0
FNDA:0,(anonymous_1)
FNDA:0,(anonymous_2)
FNDA:0,(anonymous_3)
FNDA:0,(anonymous_4)
FNDA:0,(anonymous_5)
FNDA:0,(anonymous_6)
FNDA:0,(anonymous_7)
FNDA:0,(anonymous_8)
FNDA:0,(anonymous_9)
FNDA:0,(anonymous_10)
FNDA:0,(anonymous_11)
FNDA:0,(anonymous_12)
FNDA:0,(anonymous_13)
FNDA:0,(anonymous_14)
FNDA:0,(anonymous_15)
FNDA:0,(anonymous_16)
FNDA:0,(anonymous_17)
FNDA:0,(anonymous_18)
FNDA:0,(anonymous_19)
FNDA:0,(anonymous_20)
FNDA:0,(anonymous_21)
FNDA:0,(anonymous_22)
FNDA:0,(anonymous_23)
FNDA:0,(anonymous_24)
FNDA:0,(anonymous_25)
FNDA:0,(anonymous_26)
FNDA:0,(anonymous_27)
FNDA:0,(anonymous_28)
FNDA:0,(anonymous_29)
FNDA:0,(anonymous_30)
FNDA:0,(anonymous_31)
FNDA:0,(anonymous_32)
FNDA:0,(anonymous_33)
FNDA:0,(anonymous_34)
FNDA:0,(anonymous_35)
FNDA:0,(anonymous_36)
FNDA:0,(anonymous_37)
FNDA:0,(anonymous_38)
FNDA:0,(anonymous_39)
FNDA:0,(anonymous_40)
FNDA:0,(anonymous_41)
FNDA:0,(anonymous_42)
FNDA:0,(anonymous_43)
FNDA:0,(anonymous_44)
FNDA:0,(anonymous_45)
FNDA:0,(anonymous_46)
FNDA:0,(anonymous_47)
FNDA:0,(anonymous_48)
FNDA:0,(anonymous_49)
FNDA:0,(anonymous_50)
FNDA:0,(anonymous_51)
FNDA:0,(anonymous_52)
FNDA:0,(anonymous_53)
FNDA:0,(anonymous_54)
FNDA:0,(anonymous_55)
FNDA:0,(anonymous_56)
FNDA:0,(anonymous_57)
FNDA:0,(anonymous_58)
FNDA:0,(anonymous_59)
FNDA:0,(anonymous_60)
FNDA:0,(anonymous_61)
FNDA:0,(anonymous_62)
FNDA:0,(anonymous_63)
FNDA:0,(anonymous_64)
FNDA:0,(anonymous_65)
FNDA:0,(anonymous_66)
FNDA:0,(anonymous_67)
FNDA:0,(anonymous_68)
FNDA:0,(anonymous_69)
FNDA:0,(anonymous_70)
FNDA:0,(anonymous_71)
FNDA:0,(anonymous_72)
FNDA:0,(anonymous_73)
FNDA:0,(anonymous_74)
FNDA:0,(anonymous_75)
FNDA:0,(anonymous_76)
FNDA:0,(anonymous_77)
FNDA:0,(anonymous_78)
FNDA:0,(anonymous_79)
FNDA:0,(anonymous_80)
FNDA:0,(anonymous_81)
FNDA:0,(anonymous_82)
FNDA:0,(anonymous_83)
FNDA:0,(anonymous_84)
FNDA:0,(anonymous_85)
FNDA:0,(anonymous_86)
FNDA:0,(anonymous_87)
FNDA:0,(anonymous_88)
FNDA:0,(anonymous_89)
FNDA:0,(anonymous_90)
FNDA:0,(anonymous_91)
FNDA:0,(anonymous_92)
FNDA:0,(anonymous_93)
FNDA:0,(anonymous_94)
FNDA:0,(anonymous_95)
FNDA:0,(anonymous_96)
FNDA:0,(anonymous_97)
FNDA:0,(anonymous_98)
FNDA:0,(anonymous_99)
FNDA:0,(anonymous_100)
FNDA:0,(anonymous_101)
FNDA:0,(anonymous_102)
FNDA:0,(anonymous_103)
FNDA:0,(anonymous_104)
FNDA:0,(anonymous_105)
FNDA:0,(anonymous_106)
FNDA:0,(anonymous_107)
FNDA:0,(anonymous_108)
FNDA:0,(anonymous_109)
FNDA:0,(anonymous_110)
DA:1,0
DA:4,0
DA:12,0
DA:14,0
DA:15,0
DA:16,0
DA:18,0
DA:21,0
DA:26,0
DA:27,0
DA:29,0
DA:30,0
DA:31,0
DA:33,0
DA:38,0
DA:41,0
DA:44,0
DA:46,0
DA:49,0
DA:53,0
DA:62,0
DA:65,0
DA:68,0
DA:71,0
DA:75,0
DA:83,0
DA:86,0
DA:89,0
DA:92,0
DA:96,0
DA:107,0
DA:110,0
DA:113,0
DA:116,0
DA:120,0
DA:132,0
DA:135,0
DA:138,0
DA:141,0
DA:145,0
DA:148,0
DA:151,0
DA:154,0
DA:157,0
DA:161,0
DA:164,0
DA:167,0
DA:170,0
DA:173,0
DA:177,0
DA:187,0
DA:190,0
DA:193,0
DA:196,0
DA:200,0
DA:209,0
DA:213,0
DA:221,0
DA:224,0
DA:227,0
DA:230,0
DA:233,0
DA:236,0
DA:239,0
DA:243,0
DA:246,0
DA:249,0
DA:252,0
DA:255,0
DA:258,0
DA:261,0
DA:264,0
DA:267,0
DA:270,0
DA:274,0
DA:277,0
DA:280,0
DA:283,0
DA:286,0
DA:290,0
DA:293,0
DA:296,0
DA:299,0
DA:302,0
DA:306,0
DA:309,0
DA:312,0
DA:315,0
DA:318,0
DA:321,0
DA:325,0
DA:328,0
DA:331,0
DA:334,0
DA:337,0
DA:341,0
DA:345,0
DA:348,0
DA:351,0
DA:354,0
DA:357,0
DA:361,0
DA:364,0
DA:367,0
DA:370,0
DA:373,0
DA:377,0
DA:380,0
DA:384,0
DA:387,0
DA:390,0
DA:393,0
DA:396,0
DA:399,0
DA:402,0
DA:405,0
DA:408,0
DA:411,0
DA:414,0
DA:418,0
DA:421,0
DA:424,0
LF:122
LH:0
BRDA:15,0,0,0
BRDA:15,0,1,0
BRDA:29,1,0,0
BRDA:29,1,1,0
BRDA:29,2,0,0
BRDA:29,2,1,0
BRDA:29,3,0,0
BRDA:29,3,1,0
BRDA:52,4,0,0
BRDA:74,5,0,0
BRDA:95,6,0,0
BRDA:119,7,0,0
BRDA:144,8,0,0
BRDA:160,9,0,0
BRDA:176,10,0,0
BRDA:199,11,0,0
BRDA:220,12,0,0
BRDA:242,13,0,0
BRDA:257,14,0,0
BRDA:273,15,0,0
BRDA:289,16,0,0
BRDA:305,17,0,0
BRDA:308,18,0,0
BRDA:311,19,0,0
BRDA:314,20,0,0
BRDA:317,21,0,0
BRDA:320,22,0,0
BRDA:324,23,0,0
BRDA:340,24,0,0
BRDA:344,25,0,0
BRDA:347,26,0,0
BRDA:350,27,0,0
BRDA:353,28,0,0
BRDA:356,29,0,0
BRDA:360,30,0,0
BRDA:376,31,0,0
BRDA:383,32,0,0
BRDA:386,33,0,0
BRDA:401,34,0,0
BRF:39
BRH:0
end_of_record
TN:
SF:src/lib/utils.ts
FN:4,cn
FNF:1
FNH:1
FNDA:61,cn
DA:1,3
DA:2,3
DA:4,3
DA:5,61
LF:4
LH:4
BRF:0
BRH:0
end_of_record
TN:
SF:src/pages/AIRecommendations.tsx
FN:123,(anonymous_1)
FN:133,(anonymous_2)
FN:146,(anonymous_3)
FN:157,(anonymous_4)
FN:167,(anonymous_5)
FN:168,(anonymous_6)
FN:173,(anonymous_7)
FN:181,(anonymous_8)
FN:183,(anonymous_9)
FN:187,(anonymous_10)
FN:194,(anonymous_11)
FN:196,(anonymous_12)
FN:200,(anonymous_13)
FN:209,(anonymous_14)
FN:217,(anonymous_15)
FN:223,(anonymous_16)
FN:231,(anonymous_17)
FN:241,(anonymous_18)
FN:252,(anonymous_19)
FN:263,(anonymous_20)
FN:274,(anonymous_21)
FN:281,(anonymous_22)
FN:316,(anonymous_23)
FN:332,(anonymous_24)
FN:350,(anonymous_25)
FN:370,(anonymous_26)
FN:456,(anonymous_27)
FN:502,(anonymous_28)
FN:511,(anonymous_29)
FN:563,(anonymous_30)
FN:603,(anonymous_31)
FN:604,(anonymous_32)
FN:662,(anonymous_33)
FNF:33
FNH:0
FNDA:0,(anonymous_1)
FNDA:0,(anonymous_2)
FNDA:0,(anonymous_3)
FNDA:0,(anonymous_4)
FNDA:0,(anonymous_5)
FNDA:0,(anonymous_6)
FNDA:0,(anonymous_7)
FNDA:0,(anonymous_8)
FNDA:0,(anonymous_9)
FNDA:0,(anonymous_10)
FNDA:0,(anonymous_11)
FNDA:0,(anonymous_12)
FNDA:0,(anonymous_13)
FNDA:0,(anonymous_14)
FNDA:0,(anonymous_15)
FNDA:0,(anonymous_16)
FNDA:0,(anonymous_17)
FNDA:0,(anonymous_18)
FNDA:0,(anonymous_19)
FNDA:0,(anonymous_20)
FNDA:0,(anonymous_21)
FNDA:0,(anonymous_22)
FNDA:0,(anonymous_23)
FNDA:0,(anonymous_24)
FNDA:0,(anonymous_25)
FNDA:0,(anonymous_26)
FNDA:0,(anonymous_27)
FNDA:0,(anonymous_28)
FNDA:0,(anonymous_29)
FNDA:0,(anonymous_30)
FNDA:0,(anonymous_31)
FNDA:0,(anonymous_32)
FNDA:0,(anonymous_33)
DA:1,0
DA:2,0
DA:3,0
DA:22,0
DA:23,0
DA:24,0
DA:31,0
DA:37,0
DA:38,0
DA:39,0
DA:49,0
DA:50,0
DA:51,0
DA:123,0
DA:124,0
DA:125,0
DA:126,0
DA:128,0
DA:131,0
DA:133,0
DA:144,0
DA:146,0
DA:155,0
DA:157,0
DA:166,0
DA:167,0
DA:169,0
DA:170,0
DA:171,0
DA:174,0
DA:175,0
DA:180,0
DA:182,0
DA:184,0
DA:185,0
DA:188,0
DA:193,0
DA:195,0
DA:197,0
DA:198,0
DA:201,0
DA:205,0
DA:206,0
DA:207,0
DA:209,0
DA:210,0
DA:211,0
DA:217,0
DA:218,0
DA:219,0
DA:223,0
DA:224,0
DA:225,0
DA:231,0
DA:232,0
DA:233,0
DA:234,0
DA:235,0
DA:236,0
DA:237,0
DA:241,0
DA:242,0
DA:243,0
DA:244,0
DA:245,0
DA:246,0
DA:247,0
DA:248,0
DA:252,0
DA:253,0
DA:254,0
DA:255,0
DA:256,0
DA:257,0
DA:258,0
DA:259,0
DA:263,0
DA:264,0
DA:265,0
DA:266,0
DA:267,0
DA:268,0
DA:269,0
DA:270,0
DA:274,0
DA:275,0
DA:281,0
DA:282,0
DA:285,0
DA:316,0
DA:332,0
DA:350,0
DA:370,0
DA:457,0
DA:502,0
DA:511,0
DA:564,0
DA:604,0
DA:605,0
DA:606,0
DA:663,0
DA:699,0
LF:102
LH:0
BRDA:135,0,0,0
BRDA:135,0,1,0
BRDA:136,1,0,0
BRDA:136,1,1,0
BRDA:205,2,0,0
BRDA:205,2,1,0
BRDA:205,3,0,0
BRDA:205,3,1,0
BRDA:205,4,0,0
BRDA:205,4,1,0
BRDA:205,5,0,0
BRDA:205,5,1,0
BRDA:205,6,0,0
BRDA:205,6,1,0
BRDA:206,7,0,0
BRDA:206,7,1,0
BRDA:206,8,0,0
BRDA:206,8,1,0
BRDA:206,9,0,0
BRDA:206,9,1,0
BRDA:206,10,0,0
BRDA:206,10,1,0
BRDA:206,11,0,0
BRDA:206,11,1,0
BRDA:207,12,0,0
BRDA:207,12,1,0
BRDA:207,13,0,0
BRDA:207,13,1,0
BRDA:207,14,0,0
BRDA:207,14,1,0
BRDA:207,15,0,0
BRDA:207,15,1,0
BRDA:207,16,0,0
BRDA:207,16,1,0
BRDA:218,17,0,0
BRDA:218,17,1,0
BRDA:227,18,0,0
BRDA:227,18,1,0
BRDA:232,19,0,0
BRDA:232,19,1,0
BRDA:232,19,2,0
BRDA:232,19,3,0
BRDA:232,19,4,0
BRDA:242,20,0,0
BRDA:242,20,1,0
BRDA:242,20,2,0
BRDA:242,20,3,0
BRDA:242,20,4,0
BRDA:242,20,5,0
BRDA:253,21,0,0
BRDA:253,21,1,0
BRDA:253,21,2,0
BRDA:253,21,3,0
BRDA:253,21,4,0
BRDA:253,21,5,0
BRDA:264,22,0,0
BRDA:264,22,1,0
BRDA:264,22,2,0
BRDA:264,22,3,0
BRDA:264,22,4,0
BRDA:264,22,5,0
BRDA:301,23,0,0
BRDA:301,23,1,0
BRDA:331,24,0,0
BRDA:331,24,1,0
BRDA:349,25,0,0
BRDA:349,25,1,0
BRDA:440,26,0,0
BRDA:440,26,1,0
BRDA:449,27,0,0
BRDA:449,27,1,0
BRDA:486,28,0,0
BRDA:486,28,1,0
BRDA:487,29,0,0
BRDA:487,29,1,0
BRDA:488,30,0,0
BRDA:488,30,1,0
BRDA:491,31,0,0
BRDA:491,31,1,0
BRDA:492,32,0,0
BRDA:492,32,1,0
BRDA:493,33,0,0
BRDA:493,33,1,0
BRDA:498,34,0,0
BRDA:498,34,1,0
BRDA:547,35,0,0
BRDA:547,35,1,0
BRDA:556,36,0,0
BRDA:556,36,1,0
BRDA:605,37,0,0
BRDA:605,37,1,0
BRDA:646,38,0,0
BRDA:646,38,1,0
BRDA:655,39,0,0
BRDA:655,39,1,0
BRDA:682,40,0,0
BRDA:682,40,1,0
BRF:97
BRH:0
end_of_record
TN:
SF:src/pages/Activities.tsx
FN:79,(anonymous_1)
FN:100,(anonymous_2)
FN:114,(anonymous_3)
FN:115,(anonymous_4)
FN:121,(anonymous_5)
FN:127,(anonymous_6)
FN:128,(anonymous_7)
FN:134,(anonymous_8)
FN:139,(anonymous_9)
FN:152,(anonymous_10)
FN:161,(anonymous_11)
FN:179,(anonymous_12)
FN:180,(anonymous_13)
FN:184,(anonymous_14)
FN:189,(anonymous_15)
FN:197,(anonymous_16)
FN:208,(anonymous_17)
FN:219,(anonymous_18)
FN:238,(anonymous_19)
FN:247,(anonymous_20)
FN:256,(anonymous_21)
FN:268,(anonymous_22)
FN:269,(anonymous_23)
FN:270,(anonymous_24)
FN:285,(anonymous_25)
FN:365,(anonymous_26)
FN:436,(anonymous_27)
FN:525,(anonymous_28)
FN:537,(anonymous_29)
FN:560,(anonymous_30)
FN:564,(anonymous_31)
FN:566,(anonymous_32)
FN:590,(anonymous_33)
FN:604,(anonymous_34)
FN:624,(anonymous_35)
FN:639,(anonymous_36)
FN:659,(anonymous_37)
FN:670,(anonymous_38)
FN:683,(anonymous_39)
FN:693,(anonymous_40)
FN:704,(anonymous_41)
FN:710,(anonymous_42)
FNF:42
FNH:0
FNDA:0,(anonymous_1)
FNDA:0,(anonymous_2)
FNDA:0,(anonymous_3)
FNDA:0,(anonymous_4)
FNDA:0,(anonymous_5)
FNDA:0,(anonymous_6)
FNDA:0,(anonymous_7)
FNDA:0,(anonymous_8)
FNDA:0,(anonymous_9)
FNDA:0,(anonymous_10)
FNDA:0,(anonymous_11)
FNDA:0,(anonymous_12)
FNDA:0,(anonymous_13)
FNDA:0,(anonymous_14)
FNDA:0,(anonymous_15)
FNDA:0,(anonymous_16)
FNDA:0,(anonymous_17)
FNDA:0,(anonymous_18)
FNDA:0,(anonymous_19)
FNDA:0,(anonymous_20)
FNDA:0,(anonymous_21)
FNDA:0,(anonymous_22)
FNDA:0,(anonymous_23)
FNDA:0,(anonymous_24)
FNDA:0,(anonymous_25)
FNDA:0,(anonymous_26)
FNDA:0,(anonymous_27)
FNDA:0,(anonymous_28)
FNDA:0,(anonymous_29)
FNDA:0,(anonymous_30)
FNDA:0,(anonymous_31)
FNDA:0,(anonymous_32)
FNDA:0,(anonymous_33)
FNDA:0,(anonymous_34)
FNDA:0,(anonymous_35)
FNDA:0,(anonymous_36)
FNDA:0,(anonymous_37)
FNDA:0,(anonymous_38)
FNDA:0,(anonymous_39)
FNDA:0,(anonymous_40)
FNDA:0,(anonymous_41)
FNDA:0,(anonymous_42)
DA:1,0
DA:2,0
DA:3,0
DA:21,0
DA:22,0
DA:23,0
DA:24,0
DA:32,0
DA:38,0
DA:39,0
DA:46,0
DA:54,0
DA:55,0
DA:56,0
DA:57,0
DA:58,0
DA:59,0
DA:79,0
DA:80,0
DA:81,0
DA:82,0
DA:83,0
DA:84,0
DA:85,0
DA:86,0
DA:98,0
DA:100,0
DA:110,0
DA:113,0
DA:114,0
DA:116,0
DA:117,0
DA:118,0
DA:119,0
DA:122,0
DA:126,0
DA:127,0
DA:129,0
DA:130,0
DA:131,0
DA:132,0
DA:135,0
DA:139,0
DA:140,0
DA:152,0
DA:153,0
DA:154,0
DA:155,0
DA:157,0
DA:161,0
DA:162,0
DA:163,0
DA:175,0
DA:178,0
DA:179,0
DA:181,0
DA:182,0
DA:185,0
DA:189,0
DA:190,0
DA:191,0
DA:197,0
DA:198,0
DA:199,0
DA:200,0
DA:201,0
DA:202,0
DA:203,0
DA:204,0
DA:208,0
DA:209,0
DA:210,0
DA:211,0
DA:212,0
DA:213,0
DA:214,0
DA:215,0
DA:219,0
DA:220,0
DA:222,0
DA:224,0
DA:226,0
DA:228,0
DA:230,0
DA:232,0
DA:234,0
DA:238,0
DA:239,0
DA:240,0
DA:241,0
DA:242,0
DA:243,0
DA:247,0
DA:248,0
DA:249,0
DA:250,0
DA:251,0
DA:252,0
DA:256,0
DA:257,0
DA:260,0
DA:261,0
DA:262,0
DA:264,0
DA:267,0
DA:268,0
DA:269,0
DA:270,0
DA:271,0
DA:274,0
DA:285,0
DA:365,0
DA:437,0
DA:525,0
DA:537,0
DA:561,0
DA:564,0
DA:567,0
DA:591,0
DA:605,0
DA:606,0
DA:607,0
DA:608,0
DA:624,0
DA:639,0
DA:659,0
DA:670,0
DA:683,0
DA:693,0
DA:704,0
DA:711,0
DA:712,0
DA:713,0
DA:729,0
LF:134
LH:0
BRDA:102,0,0,0
BRDA:102,0,1,0
BRDA:103,1,0,0
BRDA:103,1,1,0
BRDA:104,2,0,0
BRDA:104,2,1,0
BRDA:110,3,0,0
BRDA:110,3,1,0
BRDA:110,4,0,0
BRDA:110,4,1,0
BRDA:110,5,0,0
BRDA:110,5,1,0
BRDA:110,6,0,0
BRDA:110,6,1,0
BRDA:110,7,0,0
BRDA:110,7,1,0
BRDA:154,8,0,0
BRDA:154,8,1,0
BRDA:164,9,0,0
BRDA:164,9,1,0
BRDA:165,10,0,0
BRDA:165,10,1,0
BRDA:166,11,0,0
BRDA:166,11,1,0
BRDA:167,12,0,0
BRDA:167,12,1,0
BRDA:168,13,0,0
BRDA:168,13,1,0
BRDA:169,14,0,0
BRDA:169,14,1,0
BRDA:170,15,0,0
BRDA:170,15,1,0
BRDA:171,16,0,0
BRDA:171,16,1,0
BRDA:190,17,0,0
BRDA:190,17,1,0
BRDA:198,18,0,0
BRDA:198,18,1,0
BRDA:198,18,2,0
BRDA:198,18,3,0
BRDA:198,18,4,0
BRDA:198,18,5,0
BRDA:209,19,0,0
BRDA:209,19,1,0
BRDA:209,19,2,0
BRDA:209,19,3,0
BRDA:209,19,4,0
BRDA:209,19,5,0
BRDA:220,20,0,0
BRDA:220,20,1,0
BRDA:220,20,2,0
BRDA:220,20,3,0
BRDA:220,20,4,0
BRDA:220,20,5,0
BRDA:220,20,6,0
BRDA:239,21,0,0
BRDA:239,21,1,0
BRDA:239,21,2,0
BRDA:239,21,3,0
BRDA:248,22,0,0
BRDA:248,22,1,0
BRDA:248,22,2,0
BRDA:248,22,3,0
BRDA:257,23,0,0
BRDA:257,23,1,0
BRDA:257,23,2,0
BRDA:257,23,3,0
BRDA:257,23,4,0
BRDA:260,24,0,0
BRDA:260,24,1,0
BRDA:261,25,0,0
BRDA:261,25,1,0
BRDA:262,26,0,0
BRDA:262,26,1,0
BRDA:264,27,0,0
BRDA:264,27,1,0
BRDA:264,27,2,0
BRDA:264,27,3,0
BRDA:444,28,0,0
BRDA:444,28,1,0
BRDA:455,29,0,0
BRDA:455,29,1,0
BRDA:456,30,0,0
BRDA:456,30,1,0
BRDA:457,31,0,0
BRDA:457,31,1,0
BRDA:458,32,0,0
BRDA:458,32,1,0
BRDA:459,33,0,0
BRDA:459,33,1,0
BRDA:466,34,0,0
BRDA:466,34,1,0
BRDA:470,35,0,0
BRDA:470,35,1,0
BRDA:496,36,0,0
BRDA:496,36,1,0
BRDA:507,37,0,0
BRDA:507,37,1,0
BRDA:508,38,0,0
BRDA:508,38,1,0
BRDA:509,39,0,0
BRDA:509,39,1,0
BRDA:561,40,0,0
BRDA:561,40,1,0
BRDA:574,41,0,0
BRDA:574,41,1,0
BRDA:590,42,0,0
BRDA:590,42,1,0
BRDA:591,43,0,0
BRDA:591,43,1,0
BRDA:604,44,0,0
BRDA:604,44,1,0
BRDA:605,45,0,0
BRDA:605,45,1,0
BRDA:614,46,0,0
BRDA:614,46,1,0
BRDA:617,47,0,0
BRDA:617,47,1,0
BRDA:717,48,0,0
BRDA:717,48,1,0
BRDA:718,49,0,0
BRDA:718,49,1,0
BRF:122
BRH:0
end_of_record
TN:
SF:src/pages/AdvancedReports.tsx
FN:48,(anonymous_8)
FN:56,(anonymous_9)
FN:70,(anonymous_10)
FN:81,(anonymous_11)
FN:92,(anonymous_12)
FN:103,(anonymous_13)
FN:117,(anonymous_14)
FN:117,(anonymous_15)
FN:145,(anonymous_16)
FN:152,(anonymous_17)
FN:156,(anonymous_18)
FN:188,(anonymous_19)
FN:196,(anonymous_20)
FN:359,(anonymous_21)
FN:386,(anonymous_22)
FN:411,(anonymous_23)
FN:455,(anonymous_24)
FN:461,(anonymous_25)
FN:467,(anonymous_26)
FN:481,(anonymous_27)
FN:525,(anonymous_28)
FN:548,(anonymous_29)
FNF:22
FNH:0
FNDA:0,(anonymous_8)
FNDA:0,(anonymous_9)
FNDA:0,(anonymous_10)
FNDA:0,(anonymous_11)
FNDA:0,(anonymous_12)
FNDA:0,(anonymous_13)
FNDA:0,(anonymous_14)
FNDA:0,(anonymous_15)
FNDA:0,(anonymous_16)
FNDA:0,(anonymous_17)
FNDA:0,(anonymous_18)
FNDA:0,(anonymous_19)
FNDA:0,(anonymous_20)
FNDA:0,(anonymous_21)
FNDA:0,(anonymous_22)
FNDA:0,(anonymous_23)
FNDA:0,(anonymous_24)
FNDA:0,(anonymous_25)
FNDA:0,(anonymous_26)
FNDA:0,(anonymous_27)
FNDA:0,(anonymous_28)
FNDA:0,(anonymous_29)
DA:1,0
DA:2,0
DA:3,0
DA:19,0
DA:20,0
DA:21,0
DA:28,0
DA:34,0
DA:35,0
DA:36,0
DA:44,0
DA:45,0
DA:46,0
DA:48,0
DA:49,0
DA:50,0
DA:51,0
DA:54,0
DA:56,0
DA:68,0
DA:70,0
DA:79,0
DA:81,0
DA:90,0
DA:92,0
DA:101,0
DA:103,0
DA:111,0
DA:112,0
DA:113,0
DA:114,0
DA:115,0
DA:117,0
DA:118,0
DA:119,0
DA:120,0
DA:129,0
DA:130,0
DA:131,0
DA:132,0
DA:133,0
DA:134,0
DA:135,0
DA:137,0
DA:139,0
DA:141,0
DA:145,0
DA:146,0
DA:152,0
DA:153,0
DA:156,0
DA:157,0
DA:160,0
DA:163,0
DA:166,0
DA:169,0
DA:171,0
DA:175,0
DA:188,0
DA:196,0
DA:360,0
DA:387,0
DA:412,0
DA:455,0
DA:461,0
DA:467,0
DA:481,0
DA:526,0
DA:549,0
DA:630,0
LF:70
LH:0
BRDA:111,0,0,0
BRDA:111,0,1,0
BRDA:111,1,0,0
BRDA:111,1,1,0
BRDA:111,2,0,0
BRDA:111,2,1,0
BRDA:111,3,0,0
BRDA:111,3,1,0
BRDA:111,4,0,0
BRDA:111,4,1,0
BRDA:112,5,0,0
BRDA:112,5,1,0
BRDA:112,6,0,0
BRDA:112,6,1,0
BRDA:112,7,0,0
BRDA:112,7,1,0
BRDA:112,8,0,0
BRDA:112,8,1,0
BRDA:112,9,0,0
BRDA:112,9,1,0
BRDA:113,10,0,0
BRDA:113,10,1,0
BRDA:113,11,0,0
BRDA:113,11,1,0
BRDA:113,12,0,0
BRDA:113,12,1,0
BRDA:113,13,0,0
BRDA:113,13,1,0
BRDA:113,14,0,0
BRDA:113,14,1,0
BRDA:114,15,0,0
BRDA:114,15,1,0
BRDA:114,16,0,0
BRDA:114,16,1,0
BRDA:114,17,0,0
BRDA:114,17,1,0
BRDA:114,18,0,0
BRDA:114,18,1,0
BRDA:114,19,0,0
BRDA:114,19,1,0
BRDA:115,20,0,0
BRDA:115,20,1,0
BRDA:115,21,0,0
BRDA:115,21,1,0
BRDA:115,22,0,0
BRDA:115,22,1,0
BRDA:115,23,0,0
BRDA:115,23,1,0
BRDA:115,24,0,0
BRDA:115,24,1,0
BRDA:157,25,0,0
BRDA:157,25,1,0
BRDA:157,25,2,0
BRDA:157,25,3,0
BRDA:157,25,4,0
BRDA:157,25,5,0
BRDA:157,25,6,0
BRDA:157,25,7,0
BRDA:157,25,8,0
BRDA:243,26,0,0
BRDA:243,26,1,0
BRDA:243,27,0,0
BRDA:243,27,1,0
BRDA:243,28,0,0
BRDA:243,28,1,0
BRDA:247,29,0,0
BRDA:247,29,1,0
BRDA:247,30,0,0
BRDA:247,30,1,0
BRDA:247,31,0,0
BRDA:247,31,1,0
BRDA:259,32,0,0
BRDA:259,32,1,0
BRDA:259,33,0,0
BRDA:259,33,1,0
BRDA:259,34,0,0
BRDA:259,34,1,0
BRDA:263,35,0,0
BRDA:263,35,1,0
BRDA:263,36,0,0
BRDA:263,36,1,0
BRDA:263,37,0,0
BRDA:263,37,1,0
BRDA:275,38,0,0
BRDA:275,38,1,0
BRDA:275,39,0,0
BRDA:275,39,1,0
BRDA:275,40,0,0
BRDA:275,40,1,0
BRDA:279,41,0,0
BRDA:279,41,1,0
BRDA:279,42,0,0
BRDA:279,42,1,0
BRDA:279,43,0,0
BRDA:279,43,1,0
BRDA:291,44,0,0
BRDA:291,44,1,0
BRDA:291,45,0,0
BRDA:291,45,1,0
BRDA:291,46,0,0
BRDA:291,46,1,0
BRDA:295,47,0,0
BRDA:295,47,1,0
BRDA:295,48,0,0
BRDA:295,48,1,0
BRDA:295,49,0,0
BRDA:295,49,1,0
BRDA:343,50,0,0
BRDA:343,50,1,0
BRDA:352,51,0,0
BRDA:352,51,1,0
BRDA:433,52,0,0
BRDA:433,52,1,0
BRDA:433,53,0,0
BRDA:433,53,1,0
BRDA:433,54,0,0
BRDA:433,54,1,0
BRDA:481,55,0,0
BRDA:481,55,1,0
BRDA:497,56,0,0
BRDA:497,56,1,0
BRDA:497,57,0,0
BRDA:497,57,1,0
BRDA:497,58,0,0
BRDA:497,58,1,0
BRDA:531,59,0,0
BRDA:531,59,1,0
BRDA:576,60,0,0
BRDA:576,60,1,0
BRDA:576,61,0,0
BRDA:576,61,1,0
BRDA:576,62,0,0
BRDA:576,62,1,0
BRDA:582,63,0,0
BRDA:582,63,1,0
BRDA:582,64,0,0
BRDA:582,64,1,0
BRDA:582,65,0,0
BRDA:582,65,1,0
BRDA:588,66,0,0
BRDA:588,66,1,0
BRDA:588,67,0,0
BRDA:588,67,1,0
BRDA:588,68,0,0
BRDA:588,68,1,0
BRDA:604,69,0,0
BRDA:604,69,1,0
BRDA:604,70,0,0
BRDA:604,70,1,0
BRDA:604,71,0,0
BRDA:604,71,1,0
BRDA:610,72,0,0
BRDA:610,72,1,0
BRDA:610,73,0,0
BRDA:610,73,1,0
BRDA:610,74,0,0
BRDA:610,74,1,0
BRDA:616,75,0,0
BRDA:616,75,1,0
BRDA:616,76,0,0
BRDA:616,76,1,0
BRDA:616,77,0,0
BRDA:616,77,1,0
BRF:163
BRH:0
end_of_record
TN:
SF:src/pages/Companies.tsx
FN:57,(anonymous_1)
FN:79,(anonymous_2)
FN:90,(anonymous_3)
FN:103,(anonymous_4)
FN:104,(anonymous_5)
FN:110,(anonymous_6)
FN:117,(anonymous_7)
FN:118,(anonymous_8)
FN:124,(anonymous_9)
FN:131,(anonymous_10)
FN:132,(anonymous_11)
FN:136,(anonymous_12)
FN:141,(anonymous_13)
FN:154,(anonymous_14)
FN:163,(anonymous_15)
FN:177,(anonymous_16)
FN:183,(anonymous_17)
FN:195,(anonymous_18)
FN:244,(anonymous_19)
FN:257,(anonymous_20)
FN:269,(anonymous_21)
FN:280,(anonymous_22)
FN:291,(anonymous_23)
FN:300,(anonymous_24)
FN:313,(anonymous_25)
FN:333,(anonymous_26)
FN:339,(anonymous_27)
FN:365,(anonymous_28)
FN:403,(anonymous_29)
FN:423,(anonymous_30)
FN:431,(anonymous_31)
FN:449,(anonymous_32)
FN:457,(anonymous_33)
FNF:33
FNH:0
FNDA:0,(anonymous_1)
FNDA:0,(anonymous_2)
FNDA:0,(anonymous_3)
FNDA:0,(anonymous_4)
FNDA:0,(anonymous_5)
FNDA:0,(anonymous_6)
FNDA:0,(anonymous_7)
FNDA:0,(anonymous_8)
FNDA:0,(anonymous_9)
FNDA:0,(anonymous_10)
FNDA:0,(anonymous_11)
FNDA:0,(anonymous_12)
FNDA:0,(anonymous_13)
FNDA:0,(anonymous_14)
FNDA:0,(anonymous_15)
FNDA:0,(anonymous_16)
FNDA:0,(anonymous_17)
FNDA:0,(anonymous_18)
FNDA:0,(anonymous_19)
FNDA:0,(anonymous_20)
FNDA:0,(anonymous_21)
FNDA:0,(anonymous_22)
FNDA:0,(anonymous_23)
FNDA:0,(anonymous_24)
FNDA:0,(anonymous_25)
FNDA:0,(anonymous_26)
FNDA:0,(anonymous_27)
FNDA:0,(anonymous_28)
FNDA:0,(anonymous_29)
FNDA:0,(anonymous_30)
FNDA:0,(anonymous_31)
FNDA:0,(anonymous_32)
FNDA:0,(anonymous_33)
DA:1,0
DA:2,0
DA:3,0
DA:16,0
DA:17,0
DA:18,0
DA:19,0
DA:20,0
DA:26,0
DA:35,0
DA:36,0
DA:37,0
DA:38,0
DA:39,0
DA:57,0
DA:58,0
DA:59,0
DA:60,0
DA:61,0
DA:62,0
DA:63,0
DA:74,0
DA:77,0
DA:79,0
DA:87,0
DA:90,0
DA:91,0
DA:94,0
DA:96,0
DA:98,0
DA:102,0
DA:103,0
DA:105,0
DA:106,0
DA:107,0
DA:108,0
DA:111,0
DA:116,0
DA:117,0
DA:119,0
DA:120,0
DA:121,0
DA:122,0
DA:125,0
DA:130,0
DA:131,0
DA:133,0
DA:134,0
DA:137,0
DA:141,0
DA:142,0
DA:154,0
DA:155,0
DA:156,0
DA:157,0
DA:159,0
DA:163,0
DA:164,0
DA:165,0
DA:177,0
DA:178,0
DA:179,0
DA:183,0
DA:184,0
DA:188,0
DA:192,0
DA:195,0
DA:196,0
DA:201,0
DA:206,0
DA:209,0
DA:244,0
DA:257,0
DA:269,0
DA:280,0
DA:291,0
DA:300,0
DA:313,0
DA:333,0
DA:340,0
DA:341,0
DA:342,0
DA:365,0
DA:404,0
DA:423,0
DA:432,0
DA:450,0
DA:451,0
DA:457,0
DA:509,0
LF:90
LH:0
BRDA:81,0,0,0
BRDA:81,0,1,0
BRDA:82,1,0,0
BRDA:82,1,1,0
BRDA:87,2,0,0
BRDA:87,2,1,0
BRDA:87,3,0,0
BRDA:87,3,1,0
BRDA:87,4,0,0
BRDA:87,4,1,0
BRDA:87,5,0,0
BRDA:87,5,1,0
BRDA:87,6,0,0
BRDA:87,6,1,0
BRDA:91,7,0,0
BRDA:91,7,1,0
BRDA:91,7,2,0
BRDA:91,7,3,0
BRDA:91,7,4,0
BRDA:94,8,0,0
BRDA:94,8,1,0
BRDA:95,9,0,0
BRDA:95,9,1,0
BRDA:96,10,0,0
BRDA:96,10,1,0
BRDA:98,11,0,0
BRDA:98,11,1,0
BRDA:98,11,2,0
BRDA:156,12,0,0
BRDA:156,12,1,0
BRDA:178,13,0,0
BRDA:178,13,1,0
BRDA:231,14,0,0
BRDA:231,14,1,0
BRDA:234,15,0,0
BRDA:234,15,1,0
BRDA:346,16,0,0
BRDA:346,16,1,0
BRDA:347,17,0,0
BRDA:347,17,1,0
BRDA:347,18,0,0
BRDA:347,18,1,0
BRDA:347,19,0,0
BRDA:347,19,1,0
BRDA:401,20,0,0
BRDA:401,20,1,0
BRDA:415,21,0,0
BRDA:415,21,1,0
BRDA:437,22,0,0
BRDA:437,22,1,0
BRDA:438,23,0,0
BRDA:438,23,1,0
BRDA:468,24,0,0
BRDA:468,24,1,0
BRDA:475,25,0,0
BRDA:475,25,1,0
BRDA:482,26,0,0
BRDA:482,26,1,0
BRDA:491,27,0,0
BRDA:491,27,1,0
BRF:60
BRH:0
end_of_record
TN:
SF:src/pages/Dashboard.tsx
FN:21,(anonymous_1)
FN:25,(anonymous_2)
FN:34,(anonymous_3)
FN:47,(anonymous_4)
FN:89,(anonymous_5)
FN:97,(anonymous_6)
FN:212,(anonymous_7)
FN:259,(anonymous_8)
FNF:8
FNH:0
FNDA:0,(anonymous_1)
FNDA:0,(anonymous_2)
FNDA:0,(anonymous_3)
FNDA:0,(anonymous_4)
FNDA:0,(anonymous_5)
FNDA:0,(anonymous_6)
FNDA:0,(anonymous_7)
FNDA:0,(anonymous_8)
DA:2,0
DA:3,0
DA:15,0
DA:16,0
DA:17,0
DA:19,0
DA:21,0
DA:23,0
DA:25,0
DA:32,0
DA:34,0
DA:45,0
DA:47,0
DA:58,0
DA:65,0
DA:66,0
DA:69,0
DA:70,0
DA:89,0
DA:90,0
DA:97,0
DA:98,0
DA:99,0
DA:100,0
DA:101,0
DA:102,0
DA:103,0
DA:104,0
DA:105,0
DA:109,0
DA:214,0
DA:215,0
DA:216,0
DA:217,0
DA:219,0
DA:261,0
DA:262,0
DA:263,0
DA:264,0
DA:265,0
DA:266,0
DA:267,0
DA:269,0
DA:331,0
LF:44
LH:0
BRDA:59,0,0,0
BRDA:59,0,1,0
BRDA:59,0,2,0
BRDA:59,1,0,0
BRDA:59,1,1,0
BRDA:59,2,0,0
BRDA:59,2,1,0
BRDA:59,3,0,0
BRDA:59,3,1,0
BRDA:59,4,0,0
BRDA:59,4,1,0
BRDA:59,5,0,0
BRDA:59,5,1,0
BRDA:59,6,0,0
BRDA:59,6,1,0
BRDA:59,7,0,0
BRDA:59,7,1,0
BRDA:59,8,0,0
BRDA:59,8,1,0
BRDA:59,9,0,0
BRDA:59,9,1,0
BRDA:59,10,0,0
BRDA:59,10,1,0
BRDA:59,11,0,0
BRDA:59,11,1,0
BRDA:59,12,0,0
BRDA:59,12,1,0
BRDA:59,13,0,0
BRDA:59,13,1,0
BRDA:59,14,0,0
BRDA:59,14,1,0
BRDA:59,15,0,0
BRDA:59,15,1,0
BRDA:59,16,0,0
BRDA:59,16,1,0
BRDA:59,17,0,0
BRDA:59,17,1,0
BRDA:59,18,0,0
BRDA:59,18,1,0
BRDA:59,19,0,0
BRDA:59,19,1,0
BRDA:59,20,0,0
BRDA:59,20,1,0
BRDA:59,21,0,0
BRDA:59,21,1,0
BRDA:60,22,0,0
BRDA:60,22,1,0
BRDA:60,22,2,0
BRDA:60,23,0,0
BRDA:60,23,1,0
BRDA:60,24,0,0
BRDA:60,24,1,0
BRDA:60,25,0,0
BRDA:60,25,1,0
BRDA:60,26,0,0
BRDA:60,26,1,0
BRDA:60,27,0,0
BRDA:60,27,1,0
BRDA:60,28,0,0
BRDA:60,28,1,0
BRDA:60,29,0,0
BRDA:60,29,1,0
BRDA:60,30,0,0
BRDA:60,30,1,0
BRDA:60,31,0,0
BRDA:60,31,1,0
BRDA:60,32,0,0
BRDA:60,32,1,0
BRDA:60,33,0,0
BRDA:60,33,1,0
BRDA:60,34,0,0
BRDA:60,34,1,0
BRDA:60,35,0,0
BRDA:60,35,1,0
BRDA:60,36,0,0
BRDA:60,36,1,0
BRDA:60,37,0,0
BRDA:60,37,1,0
BRDA:60,38,0,0
BRDA:60,38,1,0
BRDA:60,39,0,0
BRDA:60,39,1,0
BRDA:60,40,0,0
BRDA:60,40,1,0
BRDA:60,41,0,0
BRDA:60,41,1,0
BRDA:60,42,0,0
BRDA:60,42,1,0
BRDA:60,43,0,0
BRDA:60,43,1,0
BRDA:61,44,0,0
BRDA:61,44,1,0
BRDA:61,45,0,0
BRDA:61,45,1,0
BRDA:61,46,0,0
BRDA:61,46,1,0
BRDA:61,47,0,0
BRDA:61,47,1,0
BRDA:61,48,0,0
BRDA:61,48,1,0
BRDA:61,49,0,0
BRDA:61,49,1,0
BRDA:61,50,0,0
BRDA:61,50,1,0
BRDA:61,51,0,0
BRDA:61,51,1,0
BRDA:61,52,0,0
BRDA:61,52,1,0
BRDA:61,53,0,0
BRDA:61,53,1,0
BRDA:61,54,0,0
BRDA:61,54,1,0
BRDA:61,55,0,0
BRDA:61,55,1,0
BRDA:61,56,0,0
BRDA:61,56,1,0
BRDA:61,57,0,0
BRDA:61,57,1,0
BRDA:62,58,0,0
BRDA:62,58,1,0
BRDA:62,59,0,0
BRDA:62,59,1,0
BRDA:62,60,0,0
BRDA:62,60,1,0
BRDA:62,61,0,0
BRDA:62,61,1,0
BRDA:62,62,0,0
BRDA:62,62,1,0
BRDA:62,63,0,0
BRDA:62,63,1,0
BRDA:62,64,0,0
BRDA:62,64,1,0
BRDA:62,65,0,0
BRDA:62,65,1,0
BRDA:62,66,0,0
BRDA:62,66,1,0
BRDA:62,67,0,0
BRDA:62,67,1,0
BRDA:62,68,0,0
BRDA:62,68,1,0
BRDA:62,69,0,0
BRDA:62,69,1,0
BRDA:62,70,0,0
BRDA:62,70,1,0
BRDA:62,71,0,0
BRDA:62,71,1,0
BRDA:65,72,0,0
BRDA:65,72,1,0
BRDA:65,73,0,0
BRDA:65,73,1,0
BRDA:65,74,0,0
BRDA:65,74,1,0
BRDA:65,75,0,0
BRDA:65,75,1,0
BRDA:65,76,0,0
BRDA:65,76,1,0
BRDA:66,77,0,0
BRDA:66,77,1,0
BRDA:66,78,0,0
BRDA:66,78,1,0
BRDA:66,79,0,0
BRDA:66,79,1,0
BRDA:66,80,0,0
BRDA:66,80,1,0
BRDA:66,81,0,0
BRDA:66,81,1,0
BRDA:69,82,0,0
BRDA:69,82,1,0
BRDA:69,83,0,0
BRDA:69,83,1,0
BRDA:98,84,0,0
BRDA:98,84,1,0
BRDA:98,84,2,0
BRDA:98,84,3,0
BRDA:98,84,4,0
BRDA:98,84,5,0
BRDA:98,84,6,0
BRDA:208,85,0,0
BRDA:208,85,1,0
BRDA:210,86,0,0
BRDA:210,86,1,0
BRDA:214,87,0,0
BRDA:214,87,1,0
BRDA:215,88,0,0
BRDA:215,88,1,0
BRDA:215,88,2,0
BRDA:215,89,0,0
BRDA:215,89,1,0
BRDA:215,90,0,0
BRDA:215,90,1,0
BRDA:216,91,0,0
BRDA:216,91,1,0
BRDA:217,92,0,0
BRDA:217,92,1,0
BRDA:234,93,0,0
BRDA:234,93,1,0
BRDA:255,94,0,0
BRDA:255,94,1,0
BRDA:257,95,0,0
BRDA:257,95,1,0
BRDA:261,96,0,0
BRDA:261,96,1,0
BRDA:262,97,0,0
BRDA:262,97,1,0
BRDA:263,98,0,0
BRDA:263,98,1,0
BRDA:264,99,0,0
BRDA:264,99,1,0
BRDA:264,99,2,0
BRDA:265,100,0,0
BRDA:265,100,1,0
BRDA:266,101,0,0
BRDA:266,101,1,0
BRDA:267,102,0,0
BRDA:267,102,1,0
BRF:215
BRH:0
end_of_record
TN:
SF:src/pages/Deals.tsx
FN:79,(anonymous_1)
FN:101,(anonymous_2)
FN:117,(anonymous_3)
FN:118,(anonymous_4)
FN:124,(anonymous_5)
FN:130,(anonymous_6)
FN:131,(anonymous_7)
FN:137,(anonymous_8)
FN:144,(anonymous_9)
FN:145,(anonymous_10)
FN:149,(anonymous_11)
FN:154,(anonymous_12)
FN:168,(anonymous_13)
FN:177,(anonymous_14)
FN:192,(anonymous_15)
FN:200,(anonymous_16)
FN:219,(anonymous_17)
FN:228,(anonymous_18)
FN:236,(anonymous_19)
FN:242,(anonymous_20)
FN:254,(anonymous_21)
FN:255,(anonymous_22)
FN:256,(anonymous_23)
FN:256,(anonymous_24)
FN:257,(anonymous_25)
FN:270,(anonymous_26)
FN:352,(anonymous_27)
FN:422,(anonymous_28)
FN:482,(anonymous_29)
FN:494,(anonymous_30)
FN:542,(anonymous_31)
FN:543,(anonymous_32)
FN:545,(anonymous_33)
FN:565,(anonymous_34)
FN:588,(anonymous_35)
FN:595,(anonymous_36)
FN:617,(anonymous_37)
FN:628,(anonymous_38)
FN:638,(anonymous_39)
FN:658,(anonymous_40)
FN:669,(anonymous_41)
FN:676,(anonymous_42)
FNF:42
FNH:0
FNDA:0,(anonymous_1)
FNDA:0,(anonymous_2)
FNDA:0,(anonymous_3)
FNDA:0,(anonymous_4)
FNDA:0,(anonymous_5)
FNDA:0,(anonymous_6)
FNDA:0,(anonymous_7)
FNDA:0,(anonymous_8)
FNDA:0,(anonymous_9)
FNDA:0,(anonymous_10)
FNDA:0,(anonymous_11)
FNDA:0,(anonymous_12)
FNDA:0,(anonymous_13)
FNDA:0,(anonymous_14)
FNDA:0,(anonymous_15)
FNDA:0,(anonymous_16)
FNDA:0,(anonymous_17)
FNDA:0,(anonymous_18)
FNDA:0,(anonymous_19)
FNDA:0,(anonymous_20)
FNDA:0,(anonymous_21)
FNDA:0,(anonymous_22)
FNDA:0,(anonymous_23)
FNDA:0,(anonymous_24)
FNDA:0,(anonymous_25)
FNDA:0,(anonymous_26)
FNDA:0,(anonymous_27)
FNDA:0,(anonymous_28)
FNDA:0,(anonymous_29)
FNDA:0,(anonymous_30)
FNDA:0,(anonymous_31)
FNDA:0,(anonymous_32)
FNDA:0,(anonymous_33)
FNDA:0,(anonymous_34)
FNDA:0,(anonymous_35)
FNDA:0,(anonymous_36)
FNDA:0,(anonymous_37)
FNDA:0,(anonymous_38)
FNDA:0,(anonymous_39)
FNDA:0,(anonymous_40)
FNDA:0,(anonymous_41)
FNDA:0,(anonymous_42)
DA:1,0
DA:2,0
DA:3,0
DA:21,0
DA:22,0
DA:23,0
DA:24,0
DA:32,0
DA:38,0
DA:39,0
DA:46,0
DA:47,0
DA:55,0
DA:56,0
DA:57,0
DA:58,0
DA:59,0
DA:60,0
DA:79,0
DA:80,0
DA:81,0
DA:82,0
DA:83,0
DA:84,0
DA:85,0
DA:86,0
DA:99,0
DA:101,0
DA:111,0
DA:113,0
DA:116,0
DA:117,0
DA:119,0
DA:120,0
DA:121,0
DA:122,0
DA:125,0
DA:129,0
DA:130,0
DA:132,0
DA:133,0
DA:134,0
DA:135,0
DA:138,0
DA:143,0
DA:144,0
DA:146,0
DA:147,0
DA:150,0
DA:154,0
DA:155,0
DA:168,0
DA:169,0
DA:170,0
DA:171,0
DA:173,0
DA:177,0
DA:178,0
DA:179,0
DA:192,0
DA:193,0
DA:194,0
DA:200,0
DA:201,0
DA:203,0
DA:205,0
DA:207,0
DA:209,0
DA:211,0
DA:213,0
DA:215,0
DA:219,0
DA:220,0
DA:221,0
DA:222,0
DA:223,0
DA:224,0
DA:228,0
DA:229,0
DA:236,0
DA:237,0
DA:238,0
DA:239,0
DA:242,0
DA:243,0
DA:246,0
DA:247,0
DA:248,0
DA:250,0
DA:253,0
DA:254,0
DA:255,0
DA:256,0
DA:257,0
DA:259,0
DA:270,0
DA:352,0
DA:423,0
DA:482,0
DA:494,0
DA:542,0
DA:543,0
DA:546,0
DA:566,0
DA:567,0
DA:568,0
DA:569,0
DA:588,0
DA:595,0
DA:617,0
DA:628,0
DA:638,0
DA:658,0
DA:669,0
DA:677,0
DA:678,0
DA:679,0
DA:695,0
LF:118
LH:0
BRDA:103,0,0,0
BRDA:103,0,1,0
BRDA:104,1,0,0
BRDA:104,1,1,0
BRDA:105,2,0,0
BRDA:105,2,1,0
BRDA:111,3,0,0
BRDA:111,3,1,0
BRDA:111,4,0,0
BRDA:111,4,1,0
BRDA:111,5,0,0
BRDA:111,5,1,0
BRDA:111,6,0,0
BRDA:111,6,1,0
BRDA:111,7,0,0
BRDA:111,7,1,0
BRDA:170,8,0,0
BRDA:170,8,1,0
BRDA:180,9,0,0
BRDA:180,9,1,0
BRDA:181,10,0,0
BRDA:181,10,1,0
BRDA:182,11,0,0
BRDA:182,11,1,0
BRDA:183,12,0,0
BRDA:183,12,1,0
BRDA:184,13,0,0
BRDA:184,13,1,0
BRDA:185,14,0,0
BRDA:185,14,1,0
BRDA:186,15,0,0
BRDA:186,15,1,0
BRDA:187,16,0,0
BRDA:187,16,1,0
BRDA:188,17,0,0
BRDA:188,17,1,0
BRDA:193,18,0,0
BRDA:193,18,1,0
BRDA:201,19,0,0
BRDA:201,19,1,0
BRDA:201,19,2,0
BRDA:201,19,3,0
BRDA:201,19,4,0
BRDA:201,19,5,0
BRDA:201,19,6,0
BRDA:220,20,0,0
BRDA:220,20,1,0
BRDA:220,20,2,0
BRDA:220,20,3,0
BRDA:237,21,0,0
BRDA:237,21,1,0
BRDA:238,22,0,0
BRDA:238,22,1,0
BRDA:243,23,0,0
BRDA:243,23,1,0
BRDA:243,23,2,0
BRDA:243,23,3,0
BRDA:243,23,4,0
BRDA:246,24,0,0
BRDA:246,24,1,0
BRDA:247,25,0,0
BRDA:247,25,1,0
BRDA:248,26,0,0
BRDA:248,26,1,0
BRDA:250,27,0,0
BRDA:250,27,1,0
BRDA:250,27,2,0
BRDA:250,27,3,0
BRDA:529,28,0,0
BRDA:529,28,1,0
BRDA:565,29,0,0
BRDA:565,29,1,0
BRDA:566,30,0,0
BRDA:566,30,1,0
BRDA:575,31,0,0
BRDA:575,31,1,0
BRDA:578,32,0,0
BRDA:578,32,1,0
BRDA:683,33,0,0
BRDA:683,33,1,0
BRDA:684,34,0,0
BRDA:684,34,1,0
BRF:82
BRH:0
end_of_record
TN:
SF:src/pages/LeadLifecycle.tsx
FN:86,(anonymous_1)
FN:105,(anonymous_2)
FN:119,(anonymous_3)
FN:121,(anonymous_4)
FN:128,(anonymous_5)
FN:133,(anonymous_6)
FN:142,(anonymous_7)
FN:153,(anonymous_8)
FN:162,(anonymous_9)
FN:175,(anonymous_10)
FN:188,(anonymous_11)
FN:195,(anonymous_12)
FN:199,(anonymous_13)
FN:240,(anonymous_14)
FN:258,(anonymous_15)
FN:275,(anonymous_16)
FN:291,(anonymous_17)
FN:347,(anonymous_18)
FN:414,(anonymous_19)
FN:447,(anonymous_20)
FN:469,(anonymous_21)
FN:481,(anonymous_22)
FN:491,(anonymous_23)
FN:502,(anonymous_24)
FNF:24
FNH:0
FNDA:0,(anonymous_1)
FNDA:0,(anonymous_2)
FNDA:0,(anonymous_3)
FNDA:0,(anonymous_4)
FNDA:0,(anonymous_5)
FNDA:0,(anonymous_6)
FNDA:0,(anonymous_7)
FNDA:0,(anonymous_8)
FNDA:0,(anonymous_9)
FNDA:0,(anonymous_10)
FNDA:0,(anonymous_11)
FNDA:0,(anonymous_12)
FNDA:0,(anonymous_13)
FNDA:0,(anonymous_14)
FNDA:0,(anonymous_15)
FNDA:0,(anonymous_16)
FNDA:0,(anonymous_17)
FNDA:0,(anonymous_18)
FNDA:0,(anonymous_19)
FNDA:0,(anonymous_20)
FNDA:0,(anonymous_21)
FNDA:0,(anonymous_22)
FNDA:0,(anonymous_23)
FNDA:0,(anonymous_24)
DA:1,0
DA:2,0
DA:3,0
DA:22,0
DA:23,0
DA:24,0
DA:25,0
DA:33,0
DA:39,0
DA:40,0
DA:47,0
DA:55,0
DA:56,0
DA:57,0
DA:58,0
DA:59,0
DA:60,0
DA:86,0
DA:87,0
DA:88,0
DA:89,0
DA:90,0
DA:91,0
DA:93,0
DA:100,0
DA:103,0
DA:105,0
DA:118,0
DA:120,0
DA:122,0
DA:123,0
DA:124,0
DA:125,0
DA:126,0
DA:129,0
DA:133,0
DA:134,0
DA:142,0
DA:143,0
DA:144,0
DA:150,0
DA:153,0
DA:154,0
DA:155,0
DA:156,0
DA:160,0
DA:162,0
DA:163,0
DA:164,0
DA:165,0
DA:166,0
DA:167,0
DA:168,0
DA:169,0
DA:170,0
DA:171,0
DA:175,0
DA:176,0
DA:177,0
DA:178,0
DA:179,0
DA:180,0
DA:181,0
DA:182,0
DA:183,0
DA:184,0
DA:188,0
DA:189,0
DA:195,0
DA:196,0
DA:199,0
DA:200,0
DA:201,0
DA:202,0
DA:205,0
DA:240,0
DA:258,0
DA:275,0
DA:291,0
DA:348,0
DA:414,0
DA:447,0
DA:469,0
DA:481,0
DA:491,0
DA:503,0
DA:504,0
DA:505,0
DA:527,0
LF:89
LH:0
BRDA:107,0,0,0
BRDA:107,0,1,0
BRDA:108,1,0,0
BRDA:108,1,1,0
BRDA:146,2,0,0
BRDA:146,2,1,0
BRDA:147,3,0,0
BRDA:147,3,1,0
BRDA:155,4,0,0
BRDA:155,4,1,0
BRDA:160,5,0,0
BRDA:160,5,1,0
BRDA:160,6,0,0
BRDA:160,6,1,0
BRDA:160,7,0,0
BRDA:160,7,1,0
BRDA:160,8,0,0
BRDA:160,8,1,0
BRDA:160,9,0,0
BRDA:160,9,1,0
BRDA:163,10,0,0
BRDA:163,10,1,0
BRDA:163,10,2,0
BRDA:163,10,3,0
BRDA:163,10,4,0
BRDA:163,10,5,0
BRDA:163,10,6,0
BRDA:163,10,7,0
BRDA:176,11,0,0
BRDA:176,11,1,0
BRDA:176,11,2,0
BRDA:176,11,3,0
BRDA:176,11,4,0
BRDA:176,11,5,0
BRDA:176,11,6,0
BRDA:176,11,7,0
BRDA:239,12,0,0
BRDA:239,12,1,0
BRDA:257,13,0,0
BRDA:257,13,1,0
BRDA:258,14,0,0
BRDA:258,14,1,0
BRDA:331,15,0,0
BRDA:331,15,1,0
BRDA:340,16,0,0
BRDA:340,16,1,0
BRDA:377,17,0,0
BRDA:377,17,1,0
BRDA:379,18,0,0
BRDA:379,18,1,0
BRDA:386,19,0,0
BRDA:386,19,1,0
BRDA:391,20,0,0
BRDA:391,20,1,0
BRDA:394,21,0,0
BRDA:394,21,1,0
BRDA:516,22,0,0
BRDA:516,22,1,0
BRF:58
BRH:0
end_of_record
TN:
SF:src/pages/LeadSources.tsx
FN:58,(anonymous_1)
FN:78,(anonymous_2)
FN:90,(anonymous_3)
FN:91,(anonymous_4)
FN:97,(anonymous_5)
FN:104,(anonymous_6)
FN:105,(anonymous_7)
FN:111,(anonymous_8)
FN:118,(anonymous_9)
FN:119,(anonymous_10)
FN:123,(anonymous_11)
FN:128,(anonymous_12)
FN:139,(anonymous_13)
FN:148,(anonymous_14)
FN:160,(anonymous_15)
FN:166,(anonymous_16)
FN:182,(anonymous_17)
FN:197,(anonymous_18)
FN:209,(anonymous_19)
FN:218,(anonymous_20)
FN:262,(anonymous_21)
FN:271,(anonymous_22)
FN:297,(anonymous_23)
FN:311,(anonymous_24)
FN:318,(anonymous_25)
FN:334,(anonymous_26)
FN:341,(anonymous_27)
FN:410,(anonymous_28)
FN:454,(anonymous_29)
FN:474,(anonymous_30)
FN:482,(anonymous_31)
FN:505,(anonymous_32)
FN:513,(anonymous_33)
FNF:33
FNH:0
FNDA:0,(anonymous_1)
FNDA:0,(anonymous_2)
FNDA:0,(anonymous_3)
FNDA:0,(anonymous_4)
FNDA:0,(anonymous_5)
FNDA:0,(anonymous_6)
FNDA:0,(anonymous_7)
FNDA:0,(anonymous_8)
FNDA:0,(anonymous_9)
FNDA:0,(anonymous_10)
FNDA:0,(anonymous_11)
FNDA:0,(anonymous_12)
FNDA:0,(anonymous_13)
FNDA:0,(anonymous_14)
FNDA:0,(anonymous_15)
FNDA:0,(anonymous_16)
FNDA:0,(anonymous_17)
FNDA:0,(anonymous_18)
FNDA:0,(anonymous_19)
FNDA:0,(anonymous_20)
FNDA:0,(anonymous_21)
FNDA:0,(anonymous_22)
FNDA:0,(anonymous_23)
FNDA:0,(anonymous_24)
FNDA:0,(anonymous_25)
FNDA:0,(anonymous_26)
FNDA:0,(anonymous_27)
FNDA:0,(anonymous_28)
FNDA:0,(anonymous_29)
FNDA:0,(anonymous_30)
FNDA:0,(anonymous_31)
FNDA:0,(anonymous_32)
FNDA:0,(anonymous_33)
DA:1,0
DA:2,0
DA:3,0
DA:18,0
DA:19,0
DA:20,0
DA:21,0
DA:22,0
DA:28,0
DA:37,0
DA:38,0
DA:39,0
DA:40,0
DA:41,0
DA:58,0
DA:59,0
DA:60,0
DA:61,0
DA:62,0
DA:63,0
DA:64,0
DA:73,0
DA:76,0
DA:78,0
DA:86,0
DA:89,0
DA:90,0
DA:92,0
DA:93,0
DA:94,0
DA:95,0
DA:98,0
DA:103,0
DA:104,0
DA:106,0
DA:107,0
DA:108,0
DA:109,0
DA:112,0
DA:117,0
DA:118,0
DA:120,0
DA:121,0
DA:124,0
DA:128,0
DA:129,0
DA:139,0
DA:140,0
DA:141,0
DA:142,0
DA:144,0
DA:148,0
DA:149,0
DA:150,0
DA:160,0
DA:161,0
DA:162,0
DA:166,0
DA:167,0
DA:178,0
DA:179,0
DA:182,0
DA:183,0
DA:194,0
DA:197,0
DA:198,0
DA:202,0
DA:206,0
DA:209,0
DA:210,0
DA:218,0
DA:219,0
DA:220,0
DA:221,0
DA:222,0
DA:225,0
DA:227,0
DA:262,0
DA:271,0
DA:297,0
DA:311,0
DA:318,0
DA:334,0
DA:342,0
DA:343,0
DA:344,0
DA:410,0
DA:455,0
DA:474,0
DA:483,0
DA:506,0
DA:507,0
DA:513,0
DA:567,0
LF:94
LH:0
BRDA:80,0,0,0
BRDA:80,0,1,0
BRDA:81,1,0,0
BRDA:81,1,1,0
BRDA:86,2,0,0
BRDA:86,2,1,0
BRDA:86,3,0,0
BRDA:86,3,1,0
BRDA:86,4,0,0
BRDA:86,4,1,0
BRDA:86,5,0,0
BRDA:86,5,1,0
BRDA:86,6,0,0
BRDA:86,6,1,0
BRDA:141,7,0,0
BRDA:141,7,1,0
BRDA:161,8,0,0
BRDA:161,8,1,0
BRDA:178,9,0,0
BRDA:178,9,1,0
BRDA:194,10,0,0
BRDA:194,10,1,0
BRDA:219,11,0,0
BRDA:219,11,1,0
BRDA:220,12,0,0
BRDA:220,12,1,0
BRDA:221,13,0,0
BRDA:221,13,1,0
BRDA:221,14,0,0
BRDA:221,14,1,0
BRDA:225,15,0,0
BRDA:225,15,1,0
BRDA:249,16,0,0
BRDA:249,16,1,0
BRDA:252,17,0,0
BRDA:252,17,1,0
BRDA:297,18,0,0
BRDA:297,18,1,0
BRDA:311,19,0,0
BRDA:311,19,1,0
BRDA:348,20,0,0
BRDA:348,20,1,0
BRDA:349,21,0,0
BRDA:349,21,1,0
BRDA:349,22,0,0
BRDA:349,22,1,0
BRDA:349,23,0,0
BRDA:349,23,1,0
BRDA:452,24,0,0
BRDA:452,24,1,0
BRDA:466,25,0,0
BRDA:466,25,1,0
BRDA:494,26,0,0
BRDA:494,26,1,0
BRDA:527,27,0,0
BRDA:527,27,1,0
BRDA:531,28,0,0
BRDA:531,28,1,0
BRDA:538,29,0,0
BRDA:538,29,1,0
BRDA:542,30,0,0
BRDA:542,30,1,0
BRDA:546,31,0,0
BRDA:546,31,1,0
BRF:64
BRH:0
end_of_record
TN:
SF:src/pages/Leads.tsx
FN:70,(anonymous_1)
FN:92,(anonymous_2)
FN:105,(anonymous_3)
FN:106,(anonymous_4)
FN:112,(anonymous_5)
FN:119,(anonymous_6)
FN:120,(anonymous_7)
FN:126,(anonymous_8)
FN:133,(anonymous_9)
FN:134,(anonymous_10)
FN:138,(anonymous_11)
FN:143,(anonymous_12)
FN:156,(anonymous_13)
FN:165,(anonymous_14)
FN:179,(anonymous_15)
FN:185,(anonymous_16)
FN:196,(anonymous_17)
FN:204,(anonymous_18)
FN:255,(anonymous_19)
FN:271,(anonymous_20)
FN:287,(anonymous_21)
FN:313,(anonymous_22)
FN:371,(anonymous_23)
FN:413,(anonymous_24)
FN:417,(anonymous_25)
FN:421,(anonymous_26)
FN:425,(anonymous_27)
FN:441,(anonymous_28)
FN:464,(anonymous_29)
FN:474,(anonymous_30)
FN:487,(anonymous_31)
FN:498,(anonymous_32)
FN:508,(anonymous_33)
FN:526,(anonymous_34)
FN:537,(anonymous_35)
FN:544,(anonymous_36)
FNF:36
FNH:0
FNDA:0,(anonymous_1)
FNDA:0,(anonymous_2)
FNDA:0,(anonymous_3)
FNDA:0,(anonymous_4)
FNDA:0,(anonymous_5)
FNDA:0,(anonymous_6)
FNDA:0,(anonymous_7)
FNDA:0,(anonymous_8)
FNDA:0,(anonymous_9)
FNDA:0,(anonymous_10)
FNDA:0,(anonymous_11)
FNDA:0,(anonymous_12)
FNDA:0,(anonymous_13)
FNDA:0,(anonymous_14)
FNDA:0,(anonymous_15)
FNDA:0,(anonymous_16)
FNDA:0,(anonymous_17)
FNDA:0,(anonymous_18)
FNDA:0,(anonymous_19)
FNDA:0,(anonymous_20)
FNDA:0,(anonymous_21)
FNDA:0,(anonymous_22)
FNDA:0,(anonymous_23)
FNDA:0,(anonymous_24)
FNDA:0,(anonymous_25)
FNDA:0,(anonymous_26)
FNDA:0,(anonymous_27)
FNDA:0,(anonymous_28)
FNDA:0,(anonymous_29)
FNDA:0,(anonymous_30)
FNDA:0,(anonymous_31)
FNDA:0,(anonymous_32)
FNDA:0,(anonymous_33)
FNDA:0,(anonymous_34)
FNDA:0,(anonymous_35)
FNDA:0,(anonymous_36)
DA:1,0
DA:2,0
DA:3,0
DA:16,0
DA:17,0
DA:18,0
DA:19,0
DA:27,0
DA:33,0
DA:34,0
DA:41,0
DA:49,0
DA:50,0
DA:51,0
DA:52,0
DA:53,0
DA:54,0
DA:70,0
DA:71,0
DA:72,0
DA:73,0
DA:74,0
DA:75,0
DA:76,0
DA:87,0
DA:90,0
DA:92,0
DA:101,0
DA:104,0
DA:105,0
DA:107,0
DA:108,0
DA:109,0
DA:110,0
DA:113,0
DA:118,0
DA:119,0
DA:121,0
DA:122,0
DA:123,0
DA:124,0
DA:127,0
DA:132,0
DA:133,0
DA:135,0
DA:136,0
DA:139,0
DA:143,0
DA:144,0
DA:156,0
DA:157,0
DA:158,0
DA:159,0
DA:161,0
DA:165,0
DA:166,0
DA:167,0
DA:179,0
DA:180,0
DA:181,0
DA:185,0
DA:186,0
DA:187,0
DA:188,0
DA:189,0
DA:190,0
DA:191,0
DA:192,0
DA:196,0
DA:197,0
DA:204,0
DA:205,0
DA:206,0
DA:210,0
DA:211,0
DA:213,0
DA:216,0
DA:255,0
DA:271,0
DA:287,0
DA:313,0
DA:372,0
DA:413,0
DA:417,0
DA:421,0
DA:425,0
DA:442,0
DA:443,0
DA:444,0
DA:445,0
DA:464,0
DA:474,0
DA:487,0
DA:498,0
DA:508,0
DA:526,0
DA:537,0
DA:545,0
DA:546,0
DA:547,0
DA:563,0
LF:101
LH:0
BRDA:94,0,0,0
BRDA:94,0,1,0
BRDA:95,1,0,0
BRDA:95,1,1,0
BRDA:101,2,0,0
BRDA:101,2,1,0
BRDA:101,3,0,0
BRDA:101,3,1,0
BRDA:101,4,0,0
BRDA:101,4,1,0
BRDA:101,5,0,0
BRDA:101,5,1,0
BRDA:101,6,0,0
BRDA:101,6,1,0
BRDA:158,7,0,0
BRDA:158,7,1,0
BRDA:168,8,0,0
BRDA:168,8,1,0
BRDA:168,9,0,0
BRDA:168,9,1,0
BRDA:169,10,0,0
BRDA:169,10,1,0
BRDA:170,11,0,0
BRDA:170,11,1,0
BRDA:171,12,0,0
BRDA:171,12,1,0
BRDA:172,13,0,0
BRDA:172,13,1,0
BRDA:173,14,0,0
BRDA:173,14,1,0
BRDA:174,15,0,0
BRDA:174,15,1,0
BRDA:175,16,0,0
BRDA:175,16,1,0
BRDA:180,17,0,0
BRDA:180,17,1,0
BRDA:186,18,0,0
BRDA:186,18,1,0
BRDA:186,18,2,0
BRDA:186,18,3,0
BRDA:186,18,4,0
BRDA:186,18,5,0
BRDA:205,19,0,0
BRDA:205,19,1,0
BRDA:205,20,0,0
BRDA:205,20,1,0
BRDA:206,21,0,0
BRDA:206,21,1,0
BRDA:206,21,2,0
BRDA:206,21,3,0
BRDA:206,21,4,0
BRDA:206,21,5,0
BRDA:210,22,0,0
BRDA:210,22,1,0
BRDA:211,23,0,0
BRDA:211,23,1,0
BRDA:213,24,0,0
BRDA:213,24,1,0
BRDA:213,24,2,0
BRDA:271,25,0,0
BRDA:271,25,1,0
BRDA:375,26,0,0
BRDA:375,26,1,0
BRDA:375,27,0,0
BRDA:375,27,1,0
BRDA:441,28,0,0
BRDA:441,28,1,0
BRDA:442,29,0,0
BRDA:442,29,1,0
BRDA:451,30,0,0
BRDA:451,30,1,0
BRDA:454,31,0,0
BRDA:454,31,1,0
BRDA:463,32,0,0
BRDA:463,32,1,0
BRDA:464,33,0,0
BRDA:464,33,1,0
BRDA:473,34,0,0
BRDA:473,34,1,0
BRDA:474,35,0,0
BRDA:474,35,1,0
BRDA:551,36,0,0
BRDA:551,36,1,0
BRDA:552,37,0,0
BRDA:552,37,1,0
BRF:85
BRH:0
end_of_record
TN:
SF:src/pages/MarketingCampaigns.tsx
FN:103,(anonymous_1)
FN:130,(anonymous_2)
FN:145,(anonymous_3)
FN:154,(anonymous_4)
FN:155,(anonymous_5)
FN:161,(anonymous_6)
FN:168,(anonymous_7)
FN:170,(anonymous_8)
FN:176,(anonymous_9)
FN:183,(anonymous_10)
FN:184,(anonymous_11)
FN:188,(anonymous_12)
FN:193,(anonymous_13)
FN:210,(anonymous_14)
FN:238,(anonymous_15)
FN:257,(anonymous_16)
FN:263,(anonymous_17)
FN:274,(anonymous_18)
FN:285,(anonymous_19)
FN:296,(anonymous_20)
FN:307,(anonymous_21)
FN:318,(anonymous_22)
FN:325,(anonymous_23)
FN:352,(anonymous_24)
FN:364,(anonymous_25)
FN:367,(anonymous_26)
FN:394,(anonymous_27)
FN:411,(anonymous_28)
FN:466,(anonymous_29)
FN:476,(anonymous_30)
FN:497,(anonymous_31)
FN:511,(anonymous_32)
FN:524,(anonymous_33)
FN:534,(anonymous_34)
FN:545,(anonymous_35)
FN:560,(anonymous_36)
FN:573,(anonymous_37)
FN:592,(anonymous_38)
FN:603,(anonymous_39)
FN:659,(anonymous_40)
FN:707,(anonymous_41)
FN:717,(anonymous_42)
FN:731,(anonymous_43)
FN:738,(anonymous_44)
FNF:44
FNH:0
FNDA:0,(anonymous_1)
FNDA:0,(anonymous_2)
FNDA:0,(anonymous_3)
FNDA:0,(anonymous_4)
FNDA:0,(anonymous_5)
FNDA:0,(anonymous_6)
FNDA:0,(anonymous_7)
FNDA:0,(anonymous_8)
FNDA:0,(anonymous_9)
FNDA:0,(anonymous_10)
FNDA:0,(anonymous_11)
FNDA:0,(anonymous_12)
FNDA:0,(anonymous_13)
FNDA:0,(anonymous_14)
FNDA:0,(anonymous_15)
FNDA:0,(anonymous_16)
FNDA:0,(anonymous_17)
FNDA:0,(anonymous_18)
FNDA:0,(anonymous_19)
FNDA:0,(anonymous_20)
FNDA:0,(anonymous_21)
FNDA:0,(anonymous_22)
FNDA:0,(anonymous_23)
FNDA:0,(anonymous_24)
FNDA:0,(anonymous_25)
FNDA:0,(anonymous_26)
FNDA:0,(anonymous_27)
FNDA:0,(anonymous_28)
FNDA:0,(anonymous_29)
FNDA:0,(anonymous_30)
FNDA:0,(anonymous_31)
FNDA:0,(anonymous_32)
FNDA:0,(anonymous_33)
FNDA:0,(anonymous_34)
FNDA:0,(anonymous_35)
FNDA:0,(anonymous_36)
FNDA:0,(anonymous_37)
FNDA:0,(anonymous_38)
FNDA:0,(anonymous_39)
FNDA:0,(anonymous_40)
FNDA:0,(anonymous_41)
FNDA:0,(anonymous_42)
FNDA:0,(anonymous_43)
FNDA:0,(anonymous_44)
DA:1,0
DA:2,0
DA:3,0
DA:23,0
DA:24,0
DA:25,0
DA:26,0
DA:34,0
DA:40,0
DA:41,0
DA:48,0
DA:56,0
DA:57,0
DA:59,0
DA:60,0
DA:61,0
DA:62,0
DA:103,0
DA:104,0
DA:105,0
DA:106,0
DA:107,0
DA:108,0
DA:110,0
DA:125,0
DA:128,0
DA:130,0
DA:143,0
DA:145,0
DA:153,0
DA:154,0
DA:156,0
DA:157,0
DA:158,0
DA:159,0
DA:162,0
DA:167,0
DA:169,0
DA:171,0
DA:172,0
DA:173,0
DA:174,0
DA:177,0
DA:182,0
DA:183,0
DA:185,0
DA:186,0
DA:189,0
DA:193,0
DA:194,0
DA:210,0
DA:211,0
DA:213,0
DA:231,0
[...]
FN:636,(anonymous_44)
FN:647,(anonymous_45)
FN:658,(anonymous_46)
FN:668,(anonymous_47)
FN:692,(anonymous_48)
FN:710,(anonymous_49)
FN:719,(anonymous_50)
FN:727,(anonymous_51)
FN:783,(anonymous_52)
FN:826,(anonymous_53)
FN:834,(anonymous_54)
FNF:54
FNH:0
FNDA:0,(anonymous_1)
FNDA:0,(anonymous_2)
FNDA:0,(anonymous_3)
FNDA:0,(anonymous_4)
FNDA:0,(anonymous_5)
FNDA:0,(anonymous_6)
FNDA:0,(anonymous_7)
FNDA:0,(anonymous_8)
FNDA:0,(anonymous_9)
FNDA:0,(anonymous_10)
FNDA:0,(anonymous_11)
FNDA:0,(anonymous_12)
FNDA:0,(anonymous_13)
FNDA:0,(anonymous_14)
FNDA:0,(anonymous_15)
FNDA:0,(anonymous_16)
FNDA:0,(anonymous_17)
FNDA:0,(anonymous_18)
FNDA:0,(anonymous_19)
FNDA:0,(anonymous_20)
FNDA:0,(anonymous_21)
FNDA:0,(anonymous_22)
FNDA:0,(anonymous_23)
FNDA:0,(anonymous_24)
FNDA:0,(anonymous_25)
FNDA:0,(anonymous_26)
FNDA:0,(anonymous_27)
FNDA:0,(anonymous_28)
FNDA:0,(anonymous_29)
FNDA:0,(anonymous_30)
FNDA:0,(anonymous_31)
FNDA:0,(anonymous_32)
FNDA:0,(anonymous_33)
FNDA:0,(anonymous_34)
FNDA:0,(anonymous_35)
FNDA:0,(anonymous_36)
FNDA:0,(anonymous_37)
FNDA:0,(anonymous_38)
FNDA:0,(anonymous_39)
FNDA:0,(anonymous_40)
FNDA:0,(anonymous_41)
FNDA:0,(anonymous_42)
FNDA:0,(anonymous_43)
FNDA:0,(anonymous_44)
FNDA:0,(anonymous_45)
FNDA:0,(anonymous_46)
FNDA:0,(anonymous_47)
FNDA:0,(anonymous_48)
FNDA:0,(anonymous_49)
FNDA:0,(anonymous_50)
FNDA:0,(anonymous_51)
FNDA:0,(anonymous_52)
FNDA:0,(anonymous_53)
FNDA:0,(anonymous_54)
DA:1,0
DA:2,0
DA:3,0
DA:18,0
DA:19,0
DA:20,0
DA:21,0
DA:29,0
DA:35,0
DA:36,0
DA:43,0
DA:51,0
DA:52,0
DA:53,0
DA:54,0
DA:55,0
DA:56,0
DA:57,0
DA:85,0
DA:86,0
DA:87,0
DA:88,0
DA:89,0
DA:90,0
DA:91,0
DA:92,0
DA:94,0
DA:102,0
DA:112,0
DA:115,0
DA:117,0
DA:127,0
DA:129,0
DA:139,0
DA:140,0
DA:142,0
DA:143,0
DA:144,0
DA:145,0
DA:148,0
DA:153,0
DA:155,0
DA:157,0
DA:158,0
DA:159,0
DA:160,0
DA:163,0
DA:168,0
DA:169,0
DA:171,0
DA:172,0
DA:175,0
DA:180,0
DA:181,0
DA:183,0
DA:184,0
DA:185,0
DA:186,0
DA:189,0
DA:194,0
DA:196,0
DA:198,0
DA:199,0
DA:200,0
DA:201,0
DA:204,0
DA:209,0
DA:210,0
DA:212,0
DA:213,0
DA:216,0
DA:220,0
DA:221,0
DA:230,0
DA:231,0
DA:242,0
DA:243,0
DA:244,0
DA:245,0
DA:247,0
DA:251,0
DA:252,0
DA:253,0
DA:254,0
DA:256,0
DA:260,0
DA:261,0
DA:262,0
DA:269,0
DA:272,0
DA:273,0
DA:274,0
DA:283,0
DA:286,0
DA:287,0
DA:288,0
DA:289,0
DA:291,0
DA:292,0
DA:296,0
DA:297,0
DA:298,0
DA:299,0
DA:301,0
DA:302,0
DA:306,0
DA:307,0
DA:309,0
DA:310,0
DA:311,0
DA:312,0
DA:313,0
DA:314,0
DA:315,0
DA:316,0
DA:320,0
DA:321,0
DA:322,0
DA:323,0
DA:324,0
DA:325,0
DA:326,0
DA:327,0
DA:331,0
DA:332,0
DA:333,0
DA:334,0
DA:335,0
DA:336,0
DA:337,0
DA:341,0
DA:374,0
DA:412,0
DA:423,0
DA:434,0
DA:443,0
DA:461,0
DA:470,0
DA:471,0
DA:472,0
DA:525,0
DA:562,0
DA:570,0
DA:598,0
DA:636,0
DA:647,0
DA:658,0
DA:668,0
DA:692,0
DA:710,0
DA:719,0
DA:728,0
DA:729,0
DA:730,0
DA:784,0
DA:826,0
DA:834,0
DA:858,0
LF:158
LH:0
BRDA:119,0,0,0
BRDA:119,0,1,0
BRDA:120,1,0,0
BRDA:120,1,1,0
BRDA:131,2,0,0
BRDA:131,2,1,0
BRDA:132,3,0,0
BRDA:132,3,1,0
BRDA:244,4,0,0
BRDA:244,4,1,0
BRDA:253,5,0,0
BRDA:253,5,1,0
BRDA:287,6,0,0
BRDA:287,6,1,0
BRDA:291,7,0,0
BRDA:291,7,1,0
BRDA:297,8,0,0
BRDA:297,8,1,0
BRDA:301,9,0,0
BRDA:301,9,1,0
BRDA:306,10,0,0
BRDA:306,10,1,0
BRDA:306,11,0,0
BRDA:306,11,1,0
BRDA:306,12,0,0
BRDA:306,12,1,0
BRDA:306,13,0,0
BRDA:306,13,1,0
BRDA:306,14,0,0
BRDA:306,14,1,0
BRDA:307,15,0,0
BRDA:307,15,1,0
BRDA:307,16,0,0
BRDA:307,16,1,0
BRDA:307,17,0,0
BRDA:307,17,1,0
BRDA:307,18,0,0
BRDA:307,18,1,0
BRDA:307,19,0,0
BRDA:307,19,1,0
BRDA:310,20,0,0
BRDA:310,20,1,0
BRDA:310,20,2,0
BRDA:310,20,3,0
BRDA:310,20,4,0
BRDA:310,20,5,0
BRDA:321,21,0,0
BRDA:321,21,1,0
BRDA:321,21,2,0
BRDA:321,21,3,0
BRDA:321,21,4,0
BRDA:321,21,5,0
BRDA:332,22,0,0
BRDA:332,22,1,0
BRDA:332,22,2,0
BRDA:332,22,3,0
BRDA:332,22,4,0
BRDA:400,23,0,0
BRDA:400,23,1,0
BRDA:480,24,0,0
BRDA:480,24,1,0
BRDA:483,25,0,0
BRDA:483,25,1,0
BRDA:483,26,0,0
BRDA:483,26,1,0
BRDA:509,27,0,0
BRDA:509,27,1,0
BRDA:518,28,0,0
BRDA:518,28,1,0
BRDA:535,29,0,0
BRDA:535,29,1,0
BRDA:550,30,0,0
BRDA:550,30,1,0
BRDA:550,31,0,0
BRDA:550,31,1,0
BRDA:550,32,0,0
BRDA:550,32,1,0
BRDA:568,33,0,0
BRDA:568,33,1,0
BRDA:624,34,0,0
BRDA:624,34,1,0
BRDA:738,35,0,0
BRDA:738,35,1,0
BRDA:741,36,0,0
BRDA:741,36,1,0
BRDA:741,37,0,0
BRDA:741,37,1,0
BRDA:767,38,0,0
BRDA:767,38,1,0
BRDA:776,39,0,0
BRDA:776,39,1,0
BRDA:805,40,0,0
BRDA:805,40,1,0
BRDA:832,41,0,0
BRDA:832,41,1,0
BRF:95
BRH:0
end_of_record
TN:
SF:src/pages/Settings.tsx
FN:41,(anonymous_10)
FN:51,(anonymous_11)
FN:55,(anonymous_12)
FN:135,(anonymous_13)
FN:136,(anonymous_14)
FN:140,(anonymous_15)
FN:147,(anonymous_16)
FN:148,(anonymous_17)
FN:157,(anonymous_18)
FN:164,(anonymous_19)
FN:165,(anonymous_20)
FN:168,(anonymous_21)
FN:173,(anonymous_22)
FN:178,(anonymous_23)
FN:190,(anonymous_24)
FN:195,(anonymous_25)
FN:200,(anonymous_26)
FN:288,(anonymous_27)
FN:298,(anonymous_28)
FN:311,(anonymous_29)
FN:324,(anonymous_30)
FN:339,(anonymous_31)
FN:376,(anonymous_32)
FN:389,(anonymous_33)
FN:405,(anonymous_34)
FN:416,(anonymous_35)
FN:429,(anonymous_36)
FN:441,(anonymous_37)
FN:482,(anonymous_38)
FN:497,(anonymous_39)
FN:512,(anonymous_40)
FN:528,(anonymous_41)
FN:538,(anonymous_42)
FN:548,(anonymous_43)
FN:558,(anonymous_44)
FN:568,(anonymous_45)
FN:584,(anonymous_46)
FN:602,(anonymous_47)
FN:635,(anonymous_48)
FN:644,(anonymous_49)
FN:659,(anonymous_50)
FN:668,(anonymous_51)
FN:695,(anonymous_52)
FN:704,(anonymous_53)
FN:747,(anonymous_54)
FN:762,(anonymous_55)
FN:780,(anonymous_56)
FN:801,(anonymous_57)
FN:821,(anonymous_58)
FN:846,(anonymous_59)
FN:865,(anonymous_60)
FN:883,(anonymous_61)
FN:902,(anonymous_62)
FN:921,(anonymous_63)
FN:949,(anonymous_64)
FN:956,(anonymous_65)
FN:996,(anonymous_66)
FN:1022,(anonymous_67)
FN:1048,(anonymous_68)
FN:1074,(anonymous_69)
FN:1096,(anonymous_70)
FN:1114,(anonymous_71)
FNF:62
FNH:0
FNDA:0,(anonymous_10)
FNDA:0,(anonymous_11)
FNDA:0,(anonymous_12)
FNDA:0,(anonymous_13)
FNDA:0,(anonymous_14)
FNDA:0,(anonymous_15)
FNDA:0,(anonymous_16)
FNDA:0,(anonymous_17)
FNDA:0,(anonymous_18)
FNDA:0,(anonymous_19)
FNDA:0,(anonymous_20)
FNDA:0,(anonymous_21)
FNDA:0,(anonymous_22)
FNDA:0,(anonymous_23)
FNDA:0,(anonymous_24)
FNDA:0,(anonymous_25)
FNDA:0,(anonymous_26)
FNDA:0,(anonymous_27)
FNDA:0,(anonymous_28)
FNDA:0,(anonymous_29)
FNDA:0,(anonymous_30)
FNDA:0,(anonymous_31)
FNDA:0,(anonymous_32)
FNDA:0,(anonymous_33)
FNDA:0,(anonymous_34)
FNDA:0,(anonymous_35)
FNDA:0,(anonymous_36)
FNDA:0,(anonymous_37)
FNDA:0,(anonymous_38)
FNDA:0,(anonymous_39)
FNDA:0,(anonymous_40)
FNDA:0,(anonymous_41)
FNDA:0,(anonymous_42)
FNDA:0,(anonymous_43)
FNDA:0,(anonymous_44)
FNDA:0,(anonymous_45)
FNDA:0,(anonymous_46)
FNDA:0,(anonymous_47)
FNDA:0,(anonymous_48)
FNDA:0,(anonymous_49)
FNDA:0,(anonymous_50)
FNDA:0,(anonymous_51)
FNDA:0,(anonymous_52)
FNDA:0,(anonymous_53)
FNDA:0,(anonymous_54)
FNDA:0,(anonymous_55)
FNDA:0,(anonymous_56)
FNDA:0,(anonymous_57)
FNDA:0,(anonymous_58)
FNDA:0,(anonymous_59)
FNDA:0,(anonymous_60)
FNDA:0,(anonymous_61)
FNDA:0,(anonymous_62)
FNDA:0,(anonymous_63)
FNDA:0,(anonymous_64)
FNDA:0,(anonymous_65)
FNDA:0,(anonymous_66)
FNDA:0,(anonymous_67)
FNDA:0,(anonymous_68)
FNDA:0,(anonymous_69)
FNDA:0,(anonymous_70)
FNDA:0,(anonymous_71)
DA:1,0
DA:2,0
DA:3,0
DA:25,0
DA:26,0
DA:27,0
DA:28,0
DA:29,0
DA:30,0
DA:31,0
DA:32,0
DA:33,0
DA:34,0
DA:35,0
DA:36,0
DA:37,0
DA:38,0
DA:39,0
DA:41,0
DA:42,0
DA:43,0
DA:44,0
DA:46,0
DA:49,0
DA:51,0
DA:55,0
DA:56,0
DA:57,0
DA:69,0
DA:79,0
DA:89,0
DA:103,0
DA:114,0
DA:124,0
DA:134,0
DA:135,0
DA:137,0
DA:138,0
DA:141,0
DA:146,0
DA:147,0
DA:149,0
DA:150,0
DA:158,0
DA:163,0
DA:164,0
DA:166,0
DA:169,0
DA:173,0
DA:174,0
DA:175,0
DA:178,0
DA:179,0
DA:180,0
DA:181,0
DA:182,0
DA:184,0
DA:190,0
DA:191,0
DA:192,0
DA:195,0
DA:197,0
DA:200,0
DA:201,0
DA:202,0
DA:203,0
DA:204,0
DA:205,0
DA:206,0
DA:209,0
DA:211,0
DA:288,0
DA:298,0
DA:311,0
DA:324,0
DA:339,0
DA:376,0
DA:389,0
DA:405,0
DA:416,0
DA:429,0
DA:441,0
DA:483,0
DA:498,0
DA:513,0
DA:529,0
DA:539,0
DA:549,0
DA:559,0
DA:569,0
DA:585,0
DA:602,0
DA:635,0
DA:644,0
DA:659,0
DA:668,0
DA:695,0
DA:704,0
DA:748,0
DA:763,0
DA:781,0
DA:802,0
DA:821,0
DA:847,0
DA:866,0
DA:884,0
DA:903,0
DA:922,0
DA:950,0
DA:956,0
DA:997,0
DA:1023,0
DA:1049,0
DA:1075,0
DA:1097,0
DA:1114,0
DA:1129,0
LF:117
LH:0
BRDA:56,0,0,0
BRDA:56,0,1,0
BRDA:56,1,0,0
BRDA:56,1,1,0
BRDA:56,2,0,0
BRDA:56,2,1,0
BRDA:58,3,0,0
BRDA:58,3,1,0
BRDA:59,4,0,0
BRDA:59,4,1,0
BRDA:60,5,0,0
BRDA:60,5,1,0
BRDA:61,6,0,0
BRDA:61,6,1,0
BRDA:62,7,0,0
BRDA:62,7,1,0
BRDA:63,8,0,0
BRDA:63,8,1,0
BRDA:180,9,0,0
BRDA:180,9,1,0
BRDA:202,10,0,0
BRDA:202,10,1,0
BRDA:203,11,0,0
BRDA:203,11,1,0
BRDA:204,12,0,0
BRDA:204,12,1,0
BRDA:205,13,0,0
BRDA:205,13,1,0
BRDA:266,14,0,0
BRDA:266,14,1,0
BRDA:266,15,0,0
BRDA:266,15,1,0
BRDA:266,16,0,0
BRDA:266,16,1,0
BRDA:266,17,0,0
BRDA:266,17,1,0
BRDA:352,18,0,0
BRDA:352,18,1,0
BRDA:453,19,0,0
BRDA:453,19,1,0
BRDA:633,20,0,0
BRDA:633,20,1,0
BRDA:646,21,0,0
BRDA:646,21,1,0
BRDA:657,22,0,0
BRDA:657,22,1,0
BRDA:670,23,0,0
BRDA:670,23,1,0
BRDA:674,24,0,0
BRDA:674,24,1,0
BRDA:678,25,0,0
BRDA:678,25,1,0
BRDA:678,26,0,0
BRDA:678,26,1,0
BRDA:679,27,0,0
BRDA:679,27,1,0
BRDA:679,28,0,0
BRDA:679,28,1,0
BRDA:693,29,0,0
BRDA:693,29,1,0
BRDA:706,30,0,0
BRDA:706,30,1,0
BRDA:710,31,0,0
BRDA:710,31,1,0
BRDA:712,32,0,0
BRDA:712,32,1,0
BRDA:723,33,0,0
BRDA:723,33,1,0
BRDA:727,34,0,0
BRDA:727,34,1,0
BRDA:991,35,0,0
BRDA:991,35,1,0
BRDA:992,36,0,0
BRDA:992,36,1,0
BRDA:1017,37,0,0
BRDA:1017,37,1,0
BRDA:1018,38,0,0
BRDA:1018,38,1,0
BRDA:1043,39,0,0
BRDA:1043,39,1,0
BRDA:1044,40,0,0
BRDA:1044,40,1,0
BRDA:1069,41,0,0
BRDA:1069,41,1,0
BRDA:1070,42,0,0
BRDA:1070,42,1,0
BRDA:1102,43,0,0
BRDA:1102,43,1,0
BRF:88
BRH:0
end_of_record
TN:
SF:src/pages/TasksAppointments.tsx
FN:104,(anonymous_1)
FN:135,(anonymous_2)
FN:154,(anonymous_3)
FN:160,(anonymous_4)
FN:166,(anonymous_5)
FN:172,(anonymous_6)
FN:178,(anonymous_7)
FN:183,(anonymous_8)
FN:184,(anonymous_9)
FN:190,(anonymous_10)
FN:197,(anonymous_11)
FN:199,(anonymous_12)
FN:205,(anonymous_13)
FN:212,(anonymous_14)
FN:213,(anonymous_15)
FN:217,(anonymous_16)
FN:222,(anonymous_17)
FN:242,(anonymous_18)
FN:262,(anonymous_19)
FN:284,(anonymous_20)
FN:297,(anonymous_21)
FN:309,(anonymous_22)
FN:321,(anonymous_23)
FN:331,(anonymous_24)
FN:341,(anonymous_25)
FN:369,(anonymous_26)
FN:436,(anonymous_27)
FN:446,(anonymous_28)
FN:468,(anonymous_29)
FN:480,(anonymous_30)
FN:497,(anonymous_31)
FN:526,(anonymous_32)
FN:544,(anonymous_33)
FN:551,(anonymous_34)
FN:565,(anonymous_35)
FN:572,(anonymous_36)
FN:587,(anonymous_37)
FN:594,(anonymous_38)
FN:606,(anonymous_39)
FN:613,(anonymous_40)
FN:625,(anonymous_41)
FN:632,(anonymous_42)
FN:649,(anonymous_43)
FN:660,(anonymous_44)
FN:674,(anonymous_45)
FN:685,(anonymous_46)
FN:742,(anonymous_47)
FN:795,(anonymous_48)
FN:802,(anonymous_49)
FNF:49
FNH:0
FNDA:0,(anonymous_1)
FNDA:0,(anonymous_2)
FNDA:0,(anonymous_3)
FNDA:0,(anonymous_4)
FNDA:0,(anonymous_5)
FNDA:0,(anonymous_6)
FNDA:0,(anonymous_7)
FNDA:0,(anonymous_8)
FNDA:0,(anonymous_9)
FNDA:0,(anonymous_10)
FNDA:0,(anonymous_11)
FNDA:0,(anonymous_12)
FNDA:0,(anonymous_13)
FNDA:0,(anonymous_14)
FNDA:0,(anonymous_15)
FNDA:0,(anonymous_16)
FNDA:0,(anonymous_17)
FNDA:0,(anonymous_18)
FNDA:0,(anonymous_19)
FNDA:0,(anonymous_20)
FNDA:0,(anonymous_21)
FNDA:0,(anonymous_22)
FNDA:0,(anonymous_23)
FNDA:0,(anonymous_24)
FNDA:0,(anonymous_25)
FNDA:0,(anonymous_26)
FNDA:0,(anonymous_27)
FNDA:0,(anonymous_28)
FNDA:0,(anonymous_29)
FNDA:0,(anonymous_30)
FNDA:0,(anonymous_31)
FNDA:0,(anonymous_32)
FNDA:0,(anonymous_33)
FNDA:0,(anonymous_34)
FNDA:0,(anonymous_35)
FNDA:0,(anonymous_36)
FNDA:0,(anonymous_37)
FNDA:0,(anonymous_38)
FNDA:0,(anonymous_39)
FNDA:0,(anonymous_40)
FNDA:0,(anonymous_41)
FNDA:0,(anonymous_42)
FNDA:0,(anonymous_43)
FNDA:0,(anonymous_44)
FNDA:0,(anonymous_45)
FNDA:0,(anonymous_46)
FNDA:0,(anonymous_47)
FNDA:0,(anonymous_48)
FNDA:0,(anonymous_49)
DA:1,0
DA:2,0
DA:3,0
DA:23,0
DA:24,0
DA:25,0
DA:26,0
DA:34,0
DA:40,0
DA:41,0
DA:48,0
DA:56,0
DA:57,0
DA:58,0
DA:59,0
DA:60,0
DA:61,0
DA:62,0
DA:63,0
DA:64,0
DA:104,0
DA:105,0
DA:106,0
DA:107,0
DA:108,0
DA:109,0
DA:110,0
DA:111,0
DA:113,0
DA:130,0
DA:133,0
DA:135,0
DA:152,0
DA:154,0
DA:158,0
DA:160,0
DA:164,0
DA:166,0
DA:170,0
DA:172,0
DA:176,0
DA:178,0
DA:182,0
DA:183,0
DA:185,0
DA:186,0
DA:187,0
DA:188,0
DA:191,0
DA:196,0
DA:198,0
DA:200,0
DA:201,0
DA:202,0
DA:203,0
DA:206,0
DA:211,0
DA:212,0
DA:214,0
DA:215,0
DA:218,0
DA:222,0
DA:223,0
DA:239,0
DA:242,0
DA:243,0
DA:245,0
DA:255,0
DA:256,0
DA:258,0
DA:262,0
DA:263,0
DA:264,0
DA:280,0
DA:281,0
DA:284,0
DA:285,0
DA:286,0
DA:290,0
DA:291,0
DA:292,0
DA:293,0
DA:294,0
DA:295,0
DA:297,0
DA:298,0
DA:299,0
DA:300,0
DA:301,0
DA:302,0
DA:303,0
DA:304,0
DA:305,0
DA:309,0
DA:310,0
DA:311,0
DA:312,0
DA:313,0
DA:314,0
DA:315,0
DA:316,0
DA:317,0
DA:321,0
DA:322,0
DA:323,0
DA:324,0
DA:325,0
DA:326,0
DA:327,0
DA:331,0
DA:332,0
DA:333,0
DA:334,0
DA:335,0
DA:336,0
DA:337,0
DA:341,0
DA:342,0
DA:343,0
DA:345,0
DA:349,0
DA:369,0
DA:436,0
DA:446,0
DA:468,0
DA:480,0
DA:497,0
DA:527,0
DA:528,0
DA:529,0
DA:544,0
DA:552,0
DA:565,0
DA:573,0
DA:587,0
DA:595,0
DA:606,0
DA:614,0
DA:625,0
DA:633,0
DA:649,0
DA:660,0
DA:674,0
DA:686,0
DA:687,0
DA:688,0
DA:743,0
DA:795,0
DA:802,0
DA:823,0
LF:150
LH:0
BRDA:137,0,0,0
BRDA:137,0,1,0
BRDA:138,1,0,0
BRDA:138,1,1,0
BRDA:139,2,0,0
BRDA:139,2,1,0
BRDA:140,3,0,0
BRDA:140,3,1,0
BRDA:247,4,0,0
BRDA:247,4,1,0
BRDA:247,5,0,0
BRDA:247,5,1,0
BRDA:247,6,0,0
BRDA:247,6,1,0
BRDA:248,7,0,0
BRDA:248,7,1,0
BRDA:249,8,0,0
BRDA:249,8,1,0
BRDA:250,9,0,0
BRDA:250,9,1,0
BRDA:251,10,0,0
BRDA:251,10,1,0
BRDA:252,11,0,0
BRDA:252,11,1,0
BRDA:255,12,0,0
BRDA:255,12,1,0
BRDA:271,13,0,0
BRDA:271,13,1,0
BRDA:271,14,0,0
BRDA:271,14,1,0
BRDA:271,15,0,0
BRDA:271,15,1,0
BRDA:272,16,0,0
BRDA:272,16,1,0
BRDA:272,17,0,0
BRDA:272,17,1,0
BRDA:272,18,0,0
BRDA:272,18,1,0
BRDA:273,19,0,0
BRDA:273,19,1,0
BRDA:273,20,0,0
BRDA:273,20,1,0
BRDA:273,21,0,0
BRDA:273,21,1,0
BRDA:274,22,0,0
BRDA:274,22,1,0
BRDA:274,23,0,0
BRDA:274,23,1,0
BRDA:274,24,0,0
BRDA:274,24,1,0
BRDA:275,25,0,0
BRDA:275,25,1,0
BRDA:275,26,0,0
BRDA:275,26,1,0
BRDA:275,27,0,0
BRDA:275,27,1,0
BRDA:276,28,0,0
BRDA:276,28,1,0
BRDA:277,29,0,0
BRDA:277,29,1,0
BRDA:285,30,0,0
BRDA:285,30,1,0
BRDA:290,31,0,0
BRDA:290,31,1,0
BRDA:290,32,0,0
BRDA:290,32,1,0
BRDA:290,33,0,0
BRDA:290,33,1,0
BRDA:290,34,0,0
BRDA:290,34,1,0
BRDA:290,35,0,0
BRDA:290,35,1,0
BRDA:291,36,0,0
BRDA:291,36,1,0
BRDA:291,37,0,0
BRDA:291,37,1,0
BRDA:291,38,0,0
BRDA:291,38,1,0
BRDA:292,39,0,0
BRDA:292,39,1,0
BRDA:292,40,0,0
BRDA:292,40,1,0
BRDA:292,41,0,0
BRDA:292,41,1,0
BRDA:292,42,0,0
BRDA:292,42,1,0
BRDA:292,43,0,0
BRDA:292,43,1,0
BRDA:293,44,0,0
BRDA:293,44,1,0
BRDA:293,45,0,0
BRDA:293,45,1,0
BRDA:293,46,0,0
BRDA:293,46,1,0
BRDA:293,47,0,0
BRDA:293,47,1,0
BRDA:293,48,0,0
BRDA:293,48,1,0
BRDA:294,49,0,0
BRDA:294,49,1,0
BRDA:294,50,0,0
BRDA:294,50,1,0
BRDA:294,51,0,0
BRDA:294,51,1,0
BRDA:294,52,0,0
BRDA:294,52,1,0
BRDA:294,53,0,0
BRDA:294,53,1,0
BRDA:295,54,0,0
BRDA:295,54,1,0
BRDA:295,55,0,0
BRDA:295,55,1,0
BRDA:295,56,0,0
BRDA:295,56,1,0
BRDA:295,57,0,0
BRDA:295,57,1,0
BRDA:295,58,0,0
BRDA:295,58,1,0
BRDA:298,59,0,0
BRDA:298,59,1,0
BRDA:298,59,2,0
BRDA:298,59,3,0
BRDA:298,59,4,0
BRDA:298,59,5,0
BRDA:298,59,6,0
BRDA:310,60,0,0
BRDA:310,60,1,0
BRDA:310,60,2,0
BRDA:310,60,3,0
BRDA:310,60,4,0
BRDA:310,60,5,0
BRDA:310,60,6,0
BRDA:322,61,0,0
BRDA:322,61,1,0
BRDA:322,61,2,0
BRDA:322,61,3,0
BRDA:322,61,4,0
BRDA:332,62,0,0
BRDA:332,62,1,0
BRDA:332,62,2,0
BRDA:332,62,3,0
BRDA:332,62,4,0
BRDA:423,63,0,0
BRDA:423,63,1,0
BRDA:519,64,0,0
BRDA:519,64,1,0
BRDA:528,65,0,0
BRDA:528,65,1,0
BRDA:553,66,0,0
BRDA:553,66,1,0
BRDA:553,67,0,0
BRDA:553,67,1,0
BRDA:642,68,0,0
BRDA:642,68,1,0
BRDA:642,68,2,0
BRDA:654,69,0,0
BRDA:654,69,1,0
BRDA:696,70,0,0
BRDA:696,70,1,0
BRDA:699,71,0,0
BRDA:699,71,1,0
BRDA:699,72,0,0
BRDA:699,72,1,0
BRDA:726,73,0,0
BRDA:726,73,1,0
BRDA:735,74,0,0
BRDA:735,74,1,0
BRDA:747,75,0,0
BRDA:747,75,1,0
BRDA:776,76,0,0
BRDA:776,76,1,0
BRDA:778,77,0,0
BRDA:778,77,1,0
BRDA:778,78,0,0
BRDA:778,78,1,0
BRF:175
BRH:0
end_of_record
TN:
SF:src/pages/TeamsManagement.tsx
FN:85,(anonymous_1)
FN:106,(anonymous_2)
FN:121,(anonymous_3)
FN:126,(anonymous_4)
FN:127,(anonymous_5)
FN:133,(anonymous_6)
FN:140,(anonymous_7)
FN:142,(anonymous_8)
FN:148,(anonymous_9)
FN:155,(anonymous_10)
FN:156,(anonymous_11)
FN:160,(anonymous_12)
FN:165,(anonymous_13)
FN:176,(anonymous_14)
FN:195,(anonymous_15)
FN:203,(anonymous_16)
FN:208,(anonymous_17)
FN:217,(anonymous_18)
FN:229,(anonymous_19)
FN:261,(anonymous_20)
FN:314,(anonymous_21)
FN:324,(anonymous_22)
FN:346,(anonymous_23)
FN:357,(anonymous_24)
FN:364,(anonymous_25)
FN:378,(anonymous_26)
FN:384,(anonymous_27)
FN:394,(anonymous_28)
FN:429,(anonymous_29)
FN:438,(anonymous_30)
FN:494,(anonymous_31)
FN:558,(anonymous_32)
FN:565,(anonymous_33)
FNF:33
FNH:0
FNDA:0,(anonymous_1)
FNDA:0,(anonymous_2)
FNDA:0,(anonymous_3)
FNDA:0,(anonymous_4)
FNDA:0,(anonymous_5)
FNDA:0,(anonymous_6)
FNDA:0,(anonymous_7)
FNDA:0,(anonymous_8)
FNDA:0,(anonymous_9)
FNDA:0,(anonymous_10)
FNDA:0,(anonymous_11)
FNDA:0,(anonymous_12)
FNDA:0,(anonymous_13)
FNDA:0,(anonymous_14)
FNDA:0,(anonymous_15)
FNDA:0,(anonymous_16)
FNDA:0,(anonymous_17)
FNDA:0,(anonymous_18)
FNDA:0,(anonymous_19)
FNDA:0,(anonymous_20)
FNDA:0,(anonymous_21)
FNDA:0,(anonymous_22)
FNDA:0,(anonymous_23)
FNDA:0,(anonymous_24)
FNDA:0,(anonymous_25)
FNDA:0,(anonymous_26)
FNDA:0,(anonymous_27)
FNDA:0,(anonymous_28)
FNDA:0,(anonymous_29)
FNDA:0,(anonymous_30)
FNDA:0,(anonymous_31)
FNDA:0,(anonymous_32)
FNDA:0,(anonymous_33)
DA:1,0
DA:2,0
DA:3,0
DA:18,0
DA:19,0
DA:20,0
DA:21,0
DA:29,0
DA:35,0
DA:36,0
DA:43,0
DA:51,0
DA:52,0
DA:53,0
DA:54,0
DA:55,0
DA:56,0
DA:57,0
DA:85,0
DA:86,0
DA:87,0
DA:88,0
DA:89,0
DA:90,0
DA:92,0
DA:101,0
DA:104,0
DA:106,0
DA:119,0
DA:121,0
DA:125,0
DA:126,0
DA:128,0
DA:129,0
DA:130,0
DA:131,0
DA:134,0
DA:139,0
DA:141,0
DA:143,0
DA:144,0
DA:145,0
DA:146,0
DA:149,0
DA:154,0
DA:155,0
DA:157,0
DA:158,0
DA:161,0
DA:165,0
DA:166,0
DA:176,0
DA:177,0
DA:179,0
DA:188,0
DA:189,0
DA:191,0
DA:195,0
DA:196,0
DA:197,0
DA:203,0
DA:205,0
DA:208,0
DA:209,0
DA:210,0
DA:214,0
DA:215,0
DA:217,0
DA:218,0
DA:219,0
DA:220,0
DA:221,0
DA:222,0
DA:223,0
DA:224,0
DA:225,0
DA:229,0
DA:230,0
DA:231,0
DA:232,0
DA:233,0
DA:234,0
DA:235,0
DA:236,0
DA:237,0
DA:241,0
DA:261,0
DA:314,0
DA:324,0
DA:346,0
DA:357,0
DA:365,0
DA:379,0
DA:385,0
DA:386,0
DA:387,0
DA:392,0
DA:394,0
DA:429,0
DA:439,0
DA:440,0
DA:441,0
DA:494,0
DA:558,0
DA:565,0
DA:586,0
LF:106
LH:0
BRDA:108,0,0,0
BRDA:108,0,1,0
BRDA:109,1,0,0
BRDA:109,1,1,0
BRDA:110,2,0,0
BRDA:110,2,1,0
BRDA:184,3,0,0
BRDA:184,3,1,0
BRDA:185,4,0,0
BRDA:185,4,1,0
BRDA:188,5,0,0
BRDA:188,5,1,0
BRDA:202,6,0,0
BRDA:202,6,1,0
BRDA:202,7,0,0
BRDA:202,7,1,0
BRDA:202,8,0,0
BRDA:202,8,1,0
BRDA:203,9,0,0
BRDA:203,9,1,0
BRDA:203,10,0,0
BRDA:203,10,1,0
BRDA:203,11,0,0
BRDA:203,11,1,0
BRDA:209,12,0,0
BRDA:209,12,1,0
BRDA:214,13,0,0
BRDA:214,13,1,0
BRDA:214,14,0,0
BRDA:214,14,1,0
BRDA:214,15,0,0
BRDA:214,15,1,0
BRDA:214,16,0,0
BRDA:214,16,1,0
BRDA:214,17,0,0
BRDA:214,17,1,0
BRDA:215,18,0,0
BRDA:215,18,1,0
BRDA:215,19,0,0
BRDA:215,19,1,0
BRDA:215,20,0,0
BRDA:215,20,1,0
BRDA:218,21,0,0
BRDA:218,21,1,0
BRDA:218,21,2,0
BRDA:218,21,3,0
BRDA:218,21,4,0
BRDA:218,21,5,0
BRDA:218,21,6,0
BRDA:230,22,0,0
BRDA:230,22,1,0
BRDA:230,22,2,0
BRDA:230,22,3,0
BRDA:230,22,4,0
BRDA:230,22,5,0
BRDA:230,22,6,0
BRDA:301,23,0,0
BRDA:301,23,1,0
BRDA:366,24,0,0
BRDA:366,24,1,0
BRDA:366,25,0,0
BRDA:366,25,1,0
BRDA:386,26,0,0
BRDA:386,26,1,0
BRDA:407,27,0,0
BRDA:407,27,1,0
BRDA:407,28,0,0
BRDA:407,28,1,0
BRDA:413,29,0,0
BRDA:413,29,1,0
BRDA:413,30,0,0
BRDA:413,30,1,0
BRDA:449,31,0,0
BRDA:449,31,1,0
BRDA:452,32,0,0
BRDA:452,32,1,0
BRDA:452,33,0,0
BRDA:452,33,1,0
BRDA:478,34,0,0
BRDA:478,34,1,0
BRDA:487,35,0,0
BRDA:487,35,1,0
BRDA:499,36,0,0
BRDA:499,36,1,0
BRDA:512,37,0,0
BRDA:512,37,1,0
BRDA:516,38,0,0
BRDA:516,38,1,0
BRDA:516,39,0,0
BRDA:516,39,1,0
BRDA:522,40,0,0
BRDA:522,40,1,0
BRDA:522,41,0,0
BRDA:522,41,1,0
BRDA:535,42,0,0
BRDA:535,42,1,0
BRDA:535,43,0,0
BRDA:535,43,1,0
BRDA:535,44,0,0
BRDA:535,44,1,0
BRDA:539,45,0,0
BRDA:539,45,1,0
BRF:102
BRH:0
end_of_record
